#-----------------------------------------------------------
# Vivado v2018.2 (64-bit)
# SW Build 2258646 on Thu Jun 14 20:03:12 MDT 2018
# IP Build 2256618 on Thu Jun 14 22:10:49 MDT 2018
# Start of session at: Fri Nov  2 12:19:46 2018
# Process ID: 4516
# Current directory: C:/Users/acer/Desktop/thinpad_top
# Command line: vivado.exe -gui_launcher_event rodinguilauncherevent1492 C:\Users\acer\Desktop\thinpad_top\thinpad_top.xpr
# Log file: C:/Users/acer/Desktop/thinpad_top/vivado.log
# Journal file: C:/Users/acer/Desktop/thinpad_top\vivado.jou
#-----------------------------------------------------------
start_gui
open_project C:/Users/acer/Desktop/thinpad_top/thinpad_top.xpr
CRITICAL WARNING: [Project 1-19] Could not find the file 'C:/Users/acer/Desktop/thinpad_top/thinpad_top.srcs/sim_1/imports/CFImemory64Mb_top.mem'.
CRITICAL WARNING: [Project 1-19] Could not find the file 'C:/Users/acer/Desktop/thinpad_top/thinpad_top.srcs/sim_1/imports/CFImemory64Mb_bottom.mem'.
Scanning sources...
Finished scanning sources
INFO: [IP_Flow 19-234] Refreshing IP repositories
INFO: [IP_Flow 19-1704] No user IP repositories specified
INFO: [IP_Flow 19-2313] Loaded Vivado IP repository 'E:/Vivado/Vivado/2018.2/data/ip'.
open_project: Time (s): cpu = 00:00:14 ; elapsed = 00:00:07 . Memory (MB): peak = 865.617 ; gain = 134.375
exit
INFO: [Common 17-206] Exiting Vivado at Fri Nov  2 12:20:18 2018...
