#-----------------------------------------------------------
# Vivado v2018.2 (64-bit)
# SW Build 2258646 on Thu Jun 14 20:03:12 MDT 2018
# IP Build 2256618 on Thu Jun 14 22:10:49 MDT 2018
# Start of session at: Tue Oct 16 09:28:45 2018
# Process ID: 8360
# Current directory: C:/Users/acer/Desktop/thinpad_top
# Command line: vivado.exe -gui_launcher_event rodinguilauncherevent3588 C:\Users\acer\Desktop\thinpad_top\thinpad_top.xpr
# Log file: C:/Users/acer/Desktop/thinpad_top/vivado.log
# Journal file: C:/Users/acer/Desktop/thinpad_top\vivado.jou
#-----------------------------------------------------------
start_gui
open_project C:/Users/acer/Desktop/thinpad_top/thinpad_top.xpr
INFO: [Project 1-313] Project file moved from '/home/zhang/Projects/thinpad_top' since last save.
Scanning sources...
Finished scanning sources
WARNING: [Project 1-509] GeneratedRun file for 'pll_example_synth_1' not found
WARNING: [filemgmt 56-2] IPUserFilesDir: Could not find the directory 'C:/Users/acer/Desktop/thinpad_top/thinpad_top.ip_user_files', nor could it be found using path 'C:/home/zhang/Projects/thinpad_top/thinpad_top.ip_user_files'.
INFO: [IP_Flow 19-234] Refreshing IP repositories
INFO: [IP_Flow 19-1704] No user IP repositories specified
INFO: [IP_Flow 19-2313] Loaded Vivado IP repository 'E:/Vivado/Vivado/2018.2/data/ip'.
WARNING: [IP_Flow 19-2162] IP 'pll_example' is locked:
* IP definition 'Clocking Wizard (6.0)' for IP 'pll_example' (customized with software release 2018.1) has a different revision in the IP Catalog.
Please select 'Report IP Status' from the 'Tools/Report' menu or run Tcl command 'report_ip_status' for more information.
INFO: [Project 1-230] Project 'thinpad_top.xpr' upgraded for this version of Vivado.
open_project: Time (s): cpu = 00:00:10 ; elapsed = 00:00:05 . Memory (MB): peak = 781.305 ; gain = 58.086
update_compile_order -fileset sources_1
update_compile_order -fileset sim_1
launch_runs impl_1 -jobs 2
[Tue Oct 16 09:29:35 2018] Launched synth_1...
Run output will be captured here: C:/Users/acer/Desktop/thinpad_top/thinpad_top.runs/synth_1/runme.log
[Tue Oct 16 09:29:35 2018] Launched impl_1...
Run output will be captured here: C:/Users/acer/Desktop/thinpad_top/thinpad_top.runs/impl_1/runme.log
reset_run synth_1
launch_runs synth_1 -jobs 2
CRITICAL WARNING: [HDL 9-806] Syntax error near ")". [C:/Users/acer/Desktop/thinpad_top/thinpad_top.srcs/sources_1/new/thinpad_top.v:92]
CRITICAL WARNING: [HDL 9-806] Syntax error near "end". [C:/Users/acer/Desktop/thinpad_top/thinpad_top.srcs/sources_1/new/state_machine.v:32]
CRITICAL WARNING: [HDL 9-806] Syntax error near "end". [C:/Users/acer/Desktop/thinpad_top/thinpad_top.srcs/sources_1/new/state_machine.v:48]
CRITICAL WARNING: [HDL 9-806] Syntax error near "end". [C:/Users/acer/Desktop/thinpad_top/thinpad_top.srcs/sources_1/new/state_machine.v:82]
CRITICAL WARNING: [filemgmt 20-742] The top module "thinpad_top" specified for this project can not be validated. The current project is using automatic hierarchy update mode, and hence a new suitable replacement top will be automatically selected. If this is not desired, please change the hierarchy update mode to one of the manual compile order modes first, and then set top to any desired value.
Resolution: To switch to manual update order go to the Sources view, right-click on any node in the hierarchy and in the context menu select: 'Hierarchy Update' option 'No Update' or run the following Tcl Command: set_property source_mgmt_mode None [current_project] (which is the Manual Compile Order mode).
WARNING: [Project 1-576] IP 'C:/Users/acer/Desktop/thinpad_top/thinpad_top.srcs/sources_1/ip/pll_example/pll_example.xci' in run pll_example_synth_1 is locked, no out-of-context (OOC) run will be launched. The run may not be able to complete.
Please select 'Report IP Status' from 'Tools/Report' or run the Tcl command 'report_ip_status' for more information.
WARNING: [Runs 36-337] The following IPs are either missing output products or output products are not up-to-date for Synthesis target. Since these IPs are locked, no update to the output products can be done. 
Please select 'Report IP Status' from the 'Tools/Report' menu or run Tcl command 'report_ip_status' for more information.
C:/Users/acer/Desktop/thinpad_top/thinpad_top.srcs/sources_1/ip/pll_example/pll_example.xci

WARNING: [Runs 36-337] The following IPs are either missing output products or output products are not up-to-date for Implementation target. Since these IPs are locked, no update to the output products can be done. 
Please select 'Report IP Status' from the 'Tools/Report' menu or run Tcl command 'report_ip_status' for more information.
C:/Users/acer/Desktop/thinpad_top/thinpad_top.srcs/sources_1/ip/pll_example/pll_example.xci

CRITICAL WARNING: [IP_Flow 19-4739] Writing uncustomized BOM file 'c:/Users/acer/Desktop/thinpad_top/thinpad_top.srcs/sources_1/ip/pll_example/pll_example.xml'
WARNING: [Project 1-576] IP 'C:/Users/acer/Desktop/thinpad_top/thinpad_top.srcs/sources_1/ip/pll_example/pll_example.xci' in run pll_example_synth_1 is locked, no out-of-context (OOC) run will be launched. The run may not be able to complete.
Please select 'Report IP Status' from 'Tools/Report' or run the Tcl command 'report_ip_status' for more information.
[Tue Oct 16 09:31:54 2018] Launched pll_example_synth_1...
Run output will be captured here: C:/Users/acer/Desktop/thinpad_top/thinpad_top.runs/pll_example_synth_1/runme.log
[Tue Oct 16 09:31:54 2018] Launched synth_1...
Run output will be captured here: C:/Users/acer/Desktop/thinpad_top/thinpad_top.runs/synth_1/runme.log
update_compile_order -fileset sources_1
report_ip_status -name ip_status 
upgrade_ip -srcset pll_example -vlnv xilinx.com:ip:clk_wiz:6.0 [get_ips  pll_example] -log ip_upgrade.log
Upgrading 'pll_example'
INFO: [Project 1-386] Moving file 'C:/Users/acer/Desktop/thinpad_top/thinpad_top.srcs/sources_1/ip/pll_example/pll_example.xci' from fileset 'pll_example' to fileset 'sources_1'.
INFO: [IP_Flow 19-3422] Upgraded pll_example (Clocking Wizard 6.0) from revision 0 to revision 1
INFO: [IP_Flow 19-1686] Generating 'Instantiation Template' target for IP 'pll_example'...
INFO: [Coretcl 2-1525] Wrote upgrade log to 'C:/Users/acer/Desktop/thinpad_top/ip_upgrade.log'.
upgrade_ip: Time (s): cpu = 00:00:06 ; elapsed = 00:00:06 . Memory (MB): peak = 974.332 ; gain = 138.832
export_ip_user_files -of_objects [get_ips pll_example] -no_script -sync -force -quiet
reset_run synth_1
launch_runs synth_1 -jobs 2
CRITICAL WARNING: [HDL 9-806] Syntax error near ")". [C:/Users/acer/Desktop/thinpad_top/thinpad_top.srcs/sources_1/new/thinpad_top.v:92]
CRITICAL WARNING: [HDL 9-806] Syntax error near "end". [C:/Users/acer/Desktop/thinpad_top/thinpad_top.srcs/sources_1/new/state_machine.v:32]
CRITICAL WARNING: [HDL 9-806] Syntax error near "end". [C:/Users/acer/Desktop/thinpad_top/thinpad_top.srcs/sources_1/new/state_machine.v:48]
CRITICAL WARNING: [HDL 9-806] Syntax error near "end". [C:/Users/acer/Desktop/thinpad_top/thinpad_top.srcs/sources_1/new/state_machine.v:82]
[Tue Oct 16 09:33:11 2018] Launched synth_1...
Run output will be captured here: C:/Users/acer/Desktop/thinpad_top/thinpad_top.runs/synth_1/runme.log
launch_runs impl_1 -jobs 2
[Tue Oct 16 09:33:54 2018] Launched impl_1...
Run output will be captured here: C:/Users/acer/Desktop/thinpad_top/thinpad_top.runs/impl_1/runme.log
launch_runs impl_1 -to_step write_bitstream -jobs 2
[Tue Oct 16 09:36:02 2018] Launched impl_1...
Run output will be captured here: C:/Users/acer/Desktop/thinpad_top/thinpad_top.runs/impl_1/runme.log
exit
INFO: [Common 17-206] Exiting Vivado at Tue Oct 16 09:44:12 2018...
