#-----------------------------------------------------------
# Vivado v2018.2 (64-bit)
# SW Build 2258646 on Thu Jun 14 20:03:12 MDT 2018
# IP Build 2256618 on Thu Jun 14 22:10:49 MDT 2018
# Start of session at: Fri Nov 16 13:34:25 2018
# Process ID: 7420
# Current directory: C:/Users/acer/Desktop/thinpad_top
# Command line: vivado.exe -gui_launcher_event rodinguilauncherevent9416 C:\Users\acer\Desktop\thinpad_top\thinpad_top.xpr
# Log file: C:/Users/acer/Desktop/thinpad_top/vivado.log
# Journal file: C:/Users/acer/Desktop/thinpad_top\vivado.jou
#-----------------------------------------------------------
start_gui
open_project C:/Users/acer/Desktop/thinpad_top/thinpad_top.xpr
CRITICAL WARNING: [Project 1-19] Could not find the file 'C:/Users/acer/Desktop/thinpad_top/thinpad_top.srcs/sim_1/imports/CFImemory64Mb_top.mem'.
CRITICAL WARNING: [Project 1-19] Could not find the file 'C:/Users/acer/Desktop/thinpad_top/thinpad_top.srcs/sim_1/imports/CFImemory64Mb_bottom.mem'.
Scanning sources...
Finished scanning sources
INFO: [IP_Flow 19-234] Refreshing IP repositories
INFO: [IP_Flow 19-1704] No user IP repositories specified
INFO: [IP_Flow 19-2313] Loaded Vivado IP repository 'E:/Vivado/Vivado/2018.2/data/ip'.
open_project: Time (s): cpu = 00:00:15 ; elapsed = 00:00:07 . Memory (MB): peak = 900.801 ; gain = 183.813
add_files -norecurse C:/Users/acer/Desktop/thinpad_top/thinpad_top.srcs/sources_1/new/MUX_ALU.v
reset_run synth_1
launch_runs impl_1 -jobs 4
[Fri Nov 16 13:42:25 2018] Launched synth_1...
Run output will be captured here: C:/Users/acer/Desktop/thinpad_top/thinpad_top.runs/synth_1/runme.log
[Fri Nov 16 13:42:26 2018] Launched impl_1...
Run output will be captured here: C:/Users/acer/Desktop/thinpad_top/thinpad_top.runs/impl_1/runme.log
reset_run synth_1
launch_runs impl_1 -jobs 4
[Fri Nov 16 13:50:46 2018] Launched synth_1...
Run output will be captured here: C:/Users/acer/Desktop/thinpad_top/thinpad_top.runs/synth_1/runme.log
[Fri Nov 16 13:50:46 2018] Launched impl_1...
Run output will be captured here: C:/Users/acer/Desktop/thinpad_top/thinpad_top.runs/impl_1/runme.log
reset_run synth_1
launch_runs impl_1 -jobs 4
[Fri Nov 16 13:54:03 2018] Launched synth_1...
Run output will be captured here: C:/Users/acer/Desktop/thinpad_top/thinpad_top.runs/synth_1/runme.log
[Fri Nov 16 13:54:03 2018] Launched impl_1...
Run output will be captured here: C:/Users/acer/Desktop/thinpad_top/thinpad_top.runs/impl_1/runme.log
add_files -norecurse C:/Users/acer/Desktop/thinpad_top/thinpad_top.srcs/sources_1/new/Forward.v
reset_run synth_1
launch_runs impl_1 -jobs 4
[Fri Nov 16 14:01:08 2018] Launched synth_1...
Run output will be captured here: C:/Users/acer/Desktop/thinpad_top/thinpad_top.runs/synth_1/runme.log
[Fri Nov 16 14:01:08 2018] Launched impl_1...
Run output will be captured here: C:/Users/acer/Desktop/thinpad_top/thinpad_top.runs/impl_1/runme.log
launch_simulation
INFO: [Vivado 12-5698] Checking validity of IPs in the design for the 'XSim' simulator...
INFO: [Vivado 12-5682] Launching behavioral simulation in 'C:/Users/acer/Desktop/thinpad_top/thinpad_top.sim/sim_1/behav/xsim'
INFO: [Vivado 12-4795] Using compiled simulation libraries for IPs
INFO: [SIM-utils-51] Simulation object is 'sim_1'
INFO: [USF-XSim-7] Finding pre-compiled libraries...
INFO: [USF-XSim-11] File 'E:/Vivado/Vivado/2018.2/data/xsim/xsim.ini' copied to run dir:'C:/Users/acer/Desktop/thinpad_top/thinpad_top.sim/sim_1/behav/xsim'
INFO: [SIM-utils-54] Inspecting design source files for 'tb' in fileset 'sim_1'...
INFO: [SIM-utils-43] Exported 'C:/Users/acer/Desktop/thinpad_top/thinpad_top.sim/sim_1/behav/xsim/CFImemory64Mb_top.mem'
INFO: [SIM-utils-43] Exported 'C:/Users/acer/Desktop/thinpad_top/thinpad_top.sim/sim_1/behav/xsim/CFImemory64Mb_bottom.mem'
INFO: [SIM-utils-43] Exported 'C:/Users/acer/Desktop/thinpad_top/thinpad_top.sim/sim_1/behav/xsim/CFImemory64Mb_top.mem'
INFO: [SIM-utils-43] Exported 'C:/Users/acer/Desktop/thinpad_top/thinpad_top.sim/sim_1/behav/xsim/CFImemory64Mb_bottom.mem'
INFO: [USF-XSim-97] Finding global include files...
INFO: [USF-XSim-100] Fetching design files from 'sources_1'...(this may take a while)...
INFO: [USF-XSim-101] Fetching design files from 'sim_1'...
INFO: [USF-XSim-2] XSim::Compile design
INFO: [USF-XSim-61] Executing 'COMPILE and ANALYZE' step in 'C:/Users/acer/Desktop/thinpad_top/thinpad_top.sim/sim_1/behav/xsim'
"xvlog --incr --relax -prj tb_vlog.prj"
INFO: [VRFC 10-2263] Analyzing Verilog file "C:/Users/acer/Desktop/thinpad_top/thinpad_top.srcs/sources_1/ip/pll_example/pll_example_sim_netlist.v" into library xil_defaultlib
INFO: [VRFC 10-311] analyzing module pll_example
INFO: [VRFC 10-311] analyzing module pll_example_pll_example_clk_wiz
INFO: [VRFC 10-311] analyzing module glbl
INFO: [VRFC 10-2263] Analyzing Verilog file "C:/Users/acer/Desktop/thinpad_top/thinpad_top.srcs/sources_1/new/SEG7_LUT.v" into library xil_defaultlib
INFO: [VRFC 10-311] analyzing module SEG7_LUT
INFO: [VRFC 10-2263] Analyzing Verilog file "C:/Users/acer/Desktop/thinpad_top/thinpad_top.srcs/sources_1/new/async.v" into library xil_defaultlib
INFO: [VRFC 10-311] analyzing module async_transmitter
INFO: [VRFC 10-311] analyzing module async_receiver
INFO: [VRFC 10-311] analyzing module ASSERTION_ERROR
INFO: [VRFC 10-311] analyzing module BaudTickGen
INFO: [VRFC 10-2263] Analyzing Verilog file "C:/Users/acer/Desktop/thinpad_top/thinpad_top.srcs/sources_1/new/vga.v" into library xil_defaultlib
INFO: [VRFC 10-311] analyzing module vga
INFO: [VRFC 10-2263] Analyzing Verilog file "C:/Users/acer/Desktop/thinpad_top/thinpad_top.srcs/sources_1/new/InstMEM.v" into library xil_defaultlib
INFO: [VRFC 10-311] analyzing module InstMEM
INFO: [VRFC 10-2263] Analyzing Verilog file "C:/Users/acer/Desktop/thinpad_top/thinpad_top.srcs/sources_1/new/ALU.v" into library xil_defaultlib
INFO: [VRFC 10-311] analyzing module ALU
WARNING: [VRFC 10-2096] empty statement in sequential block [C:/Users/acer/Desktop/thinpad_top/thinpad_top.srcs/sources_1/new/ALU.v:27]
INFO: [VRFC 10-2263] Analyzing Verilog file "C:/Users/acer/Desktop/thinpad_top/thinpad_top.srcs/sources_1/new/ControlUnit.v" into library xil_defaultlib
INFO: [VRFC 10-311] analyzing module ControlUnit
INFO: [VRFC 10-2263] Analyzing Verilog file "C:/Users/acer/Desktop/thinpad_top/thinpad_top.srcs/sources_1/new/Extend.v" into library xil_defaultlib
INFO: [VRFC 10-311] analyzing module Extend
INFO: [VRFC 10-2263] Analyzing Verilog file "C:/Users/acer/Desktop/thinpad_top/thinpad_top.srcs/sources_1/new/Register.v" into library xil_defaultlib
INFO: [VRFC 10-311] analyzing module Register
INFO: [VRFC 10-2263] Analyzing Verilog file "C:/Users/acer/Desktop/thinpad_top/thinpad_top.srcs/sources_1/new/DataMem.v" into library xil_defaultlib
INFO: [VRFC 10-311] analyzing module DataMem
INFO: [VRFC 10-2263] Analyzing Verilog file "C:/Users/acer/Desktop/thinpad_top/thinpad_top.srcs/sources_1/new/PC.v" into library xil_defaultlib
INFO: [VRFC 10-311] analyzing module PC
INFO: [VRFC 10-2263] Analyzing Verilog file "C:/Users/acer/Desktop/thinpad_top/thinpad_top.srcs/sources_1/new/thinpad_top.v" into library xil_defaultlib
INFO: [VRFC 10-311] analyzing module thinpad_top
INFO: [VRFC 10-2263] Analyzing Verilog file "C:/Users/acer/Desktop/thinpad_top/thinpad_top.srcs/sources_1/new/MUX32.v" into library xil_defaultlib
INFO: [VRFC 10-311] analyzing module MUX32
INFO: [VRFC 10-2263] Analyzing Verilog file "C:/Users/acer/Desktop/thinpad_top/thinpad_top.srcs/sources_1/new/MUX5.v" into library xil_defaultlib
INFO: [VRFC 10-311] analyzing module MUX5
INFO: [VRFC 10-2263] Analyzing Verilog file "C:/Users/acer/Desktop/thinpad_top/thinpad_top.srcs/sources_1/new/IF2ID.v" into library xil_defaultlib
INFO: [VRFC 10-311] analyzing module IF2ID
INFO: [VRFC 10-2263] Analyzing Verilog file "C:/Users/acer/Desktop/thinpad_top/thinpad_top.srcs/sources_1/new/EX2MEM.v" into library xil_defaultlib
INFO: [VRFC 10-311] analyzing module EX2MEM
INFO: [VRFC 10-2263] Analyzing Verilog file "C:/Users/acer/Desktop/thinpad_top/thinpad_top.srcs/sources_1/new/MEM2WB.v" into library xil_defaultlib
INFO: [VRFC 10-311] analyzing module MEM2WB
INFO: [VRFC 10-2263] Analyzing Verilog file "C:/Users/acer/Desktop/thinpad_top/thinpad_top.srcs/sources_1/new/ID2EX.v" into library xil_defaultlib
INFO: [VRFC 10-311] analyzing module ID2EX
INFO: [VRFC 10-2263] Analyzing Verilog file "C:/Users/acer/Desktop/thinpad_top/thinpad_top.srcs/sources_1/new/MUX_ALU.v" into library xil_defaultlib
INFO: [VRFC 10-311] analyzing module MUX_ALU
INFO: [VRFC 10-2263] Analyzing Verilog file "C:/Users/acer/Desktop/thinpad_top/thinpad_top.srcs/sources_1/new/Forward.v" into library xil_defaultlib
INFO: [VRFC 10-311] analyzing module Forward
INFO: [VRFC 10-2263] Analyzing Verilog file "C:/Users/acer/Desktop/thinpad_top/thinpad_top.sim/sim_1/behav/xsim/glbl.v" into library xil_defaultlib
INFO: [VRFC 10-311] analyzing module glbl
WARNING: [VRFC 10-2845] overwriting previous definition of module glbl [C:/Users/acer/Desktop/thinpad_top/thinpad_top.sim/sim_1/behav/xsim/glbl.v:6]
INFO: [USF-XSim-69] 'compile' step finished in '4' seconds
INFO: [USF-XSim-3] XSim::Elaborate design
INFO: [USF-XSim-61] Executing 'ELABORATE' step in 'C:/Users/acer/Desktop/thinpad_top/thinpad_top.sim/sim_1/behav/xsim'
Vivado Simulator 2018.2
Copyright 1986-1999, 2001-2018 Xilinx, Inc. All Rights Reserved.
Running: E:/Vivado/Vivado/2018.2/bin/unwrapped/win64.o/xelab.exe -wto 1e0777dd008c45fcbaffd6b18f2c35e9 --incr --debug typical --relax --mt 2 -L xil_defaultlib -L unisims_ver -L unimacro_ver -L secureip -L xpm --snapshot tb_behav xil_defaultlib.tb xil_defaultlib.glbl -log elaborate.log 
Using 2 slave threads.
Starting static elaboration
ERROR: [VRFC 10-426] cannot find port OutALUSrc on this module [C:/Users/acer/Desktop/thinpad_top/thinpad_top.srcs/sim_1/new/test.sv:76]
ERROR: [VRFC 10-2063] Module <PC> not found while processing module instance <PC> [C:/Users/acer/Desktop/thinpad_top/thinpad_top.srcs/sources_1/new/thinpad_top.v:76]
ERROR: [VRFC 10-2063] Module <InstMEM> not found while processing module instance <InstMEM> [C:/Users/acer/Desktop/thinpad_top/thinpad_top.srcs/sources_1/new/thinpad_top.v:82]
ERROR: [VRFC 10-2063] Module <IF2ID> not found while processing module instance <IF2ID> [C:/Users/acer/Desktop/thinpad_top/thinpad_top.srcs/sources_1/new/thinpad_top.v:87]
ERROR: [VRFC 10-2063] Module <ControlUnit> not found while processing module instance <ControlUnit> [C:/Users/acer/Desktop/thinpad_top/thinpad_top.srcs/sources_1/new/thinpad_top.v:118]
ERROR: [VRFC 10-2063] Module <Register> not found while processing module instance <Register> [C:/Users/acer/Desktop/thinpad_top/thinpad_top.srcs/sources_1/new/thinpad_top.v:138]
ERROR: [VRFC 10-2063] Module <Extend> not found while processing module instance <Extend> [C:/Users/acer/Desktop/thinpad_top/thinpad_top.srcs/sources_1/new/thinpad_top.v:154]
ERROR: [VRFC 10-2063] Module <ID2EX> not found while processing module instance <ID2EX> [C:/Users/acer/Desktop/thinpad_top/thinpad_top.srcs/sources_1/new/thinpad_top.v:160]
ERROR: [VRFC 10-2063] Module <MUX_ALU> not found while processing module instance <MUX_ALU1> [C:/Users/acer/Desktop/thinpad_top/thinpad_top.srcs/sources_1/new/thinpad_top.v:231]
ERROR: [VRFC 10-2063] Module <ALU> not found while processing module instance <ALU> [C:/Users/acer/Desktop/thinpad_top/thinpad_top.srcs/sources_1/new/thinpad_top.v:253]
ERROR: [VRFC 10-2063] Module <MUX5> not found while processing module instance <MUX_RegDst> [C:/Users/acer/Desktop/thinpad_top/thinpad_top.srcs/sources_1/new/thinpad_top.v:270]
ERROR: [VRFC 10-2063] Module <EX2MEM> not found while processing module instance <EX2MEM> [C:/Users/acer/Desktop/thinpad_top/thinpad_top.srcs/sources_1/new/thinpad_top.v:274]
ERROR: [VRFC 10-2063] Module <DataMem> not found while processing module instance <DataMem> [C:/Users/acer/Desktop/thinpad_top/thinpad_top.srcs/sources_1/new/thinpad_top.v:319]
ERROR: [VRFC 10-2063] Module <MEM2WB> not found while processing module instance <MEM2WB> [C:/Users/acer/Desktop/thinpad_top/thinpad_top.srcs/sources_1/new/thinpad_top.v:338]
ERROR: [VRFC 10-2063] Module <MUX32> not found while processing module instance <MUX_MemtoReg> [C:/Users/acer/Desktop/thinpad_top/thinpad_top.srcs/sources_1/new/thinpad_top.v:365]
ERROR: [VRFC 10-2063] Module <Forward> not found while processing module instance <Forward> [C:/Users/acer/Desktop/thinpad_top/thinpad_top.srcs/sources_1/new/thinpad_top.v:371]
ERROR: [XSIM 43-3322] Static elaboration of top level Verilog design unit(s) in library work failed.
INFO: [USF-XSim-69] 'elaborate' step finished in '3' seconds
INFO: [USF-XSim-99] Step results log file:'C:/Users/acer/Desktop/thinpad_top/thinpad_top.sim/sim_1/behav/xsim/elaborate.log'
ERROR: [USF-XSim-62] 'elaborate' step failed with error(s). Please check the Tcl console output or 'C:/Users/acer/Desktop/thinpad_top/thinpad_top.sim/sim_1/behav/xsim/elaborate.log' file for more information.
ERROR: [Vivado 12-4473] Detected error while running simulation. Please correct the issue and retry this operation.
launch_simulation: Time (s): cpu = 00:00:02 ; elapsed = 00:00:08 . Memory (MB): peak = 927.254 ; gain = 0.000
ERROR: [Common 17-39] 'launch_simulation' failed due to earlier errors.
launch_simulation
INFO: [Vivado 12-5698] Checking validity of IPs in the design for the 'XSim' simulator...
INFO: [Vivado 12-5682] Launching behavioral simulation in 'C:/Users/acer/Desktop/thinpad_top/thinpad_top.sim/sim_1/behav/xsim'
INFO: [Vivado 12-4795] Using compiled simulation libraries for IPs
INFO: [SIM-utils-51] Simulation object is 'sim_1'
INFO: [USF-XSim-7] Finding pre-compiled libraries...
INFO: [USF-XSim-11] File 'E:/Vivado/Vivado/2018.2/data/xsim/xsim.ini' copied to run dir:'C:/Users/acer/Desktop/thinpad_top/thinpad_top.sim/sim_1/behav/xsim'
INFO: [SIM-utils-54] Inspecting design source files for 'tb' in fileset 'sim_1'...
INFO: [SIM-utils-43] Exported 'C:/Users/acer/Desktop/thinpad_top/thinpad_top.sim/sim_1/behav/xsim/CFImemory64Mb_top.mem'
INFO: [SIM-utils-43] Exported 'C:/Users/acer/Desktop/thinpad_top/thinpad_top.sim/sim_1/behav/xsim/CFImemory64Mb_bottom.mem'
INFO: [SIM-utils-43] Exported 'C:/Users/acer/Desktop/thinpad_top/thinpad_top.sim/sim_1/behav/xsim/CFImemory64Mb_top.mem'
INFO: [SIM-utils-43] Exported 'C:/Users/acer/Desktop/thinpad_top/thinpad_top.sim/sim_1/behav/xsim/CFImemory64Mb_bottom.mem'
INFO: [USF-XSim-97] Finding global include files...
INFO: [USF-XSim-100] Fetching design files from 'sources_1'...(this may take a while)...
INFO: [USF-XSim-101] Fetching design files from 'sim_1'...
INFO: [USF-XSim-2] XSim::Compile design
INFO: [USF-XSim-61] Executing 'COMPILE and ANALYZE' step in 'C:/Users/acer/Desktop/thinpad_top/thinpad_top.sim/sim_1/behav/xsim'
"xvlog --incr --relax -prj tb_vlog.prj"
INFO: [VRFC 10-2263] Analyzing Verilog file "C:/Users/acer/Desktop/thinpad_top/thinpad_top.srcs/sources_1/ip/pll_example/pll_example_sim_netlist.v" into library xil_defaultlib
INFO: [VRFC 10-311] analyzing module pll_example
INFO: [VRFC 10-311] analyzing module pll_example_pll_example_clk_wiz
INFO: [VRFC 10-311] analyzing module glbl
INFO: [VRFC 10-2263] Analyzing Verilog file "C:/Users/acer/Desktop/thinpad_top/thinpad_top.srcs/sources_1/new/SEG7_LUT.v" into library xil_defaultlib
INFO: [VRFC 10-311] analyzing module SEG7_LUT
INFO: [VRFC 10-2263] Analyzing Verilog file "C:/Users/acer/Desktop/thinpad_top/thinpad_top.srcs/sources_1/new/async.v" into library xil_defaultlib
INFO: [VRFC 10-311] analyzing module async_transmitter
INFO: [VRFC 10-311] analyzing module async_receiver
INFO: [VRFC 10-311] analyzing module ASSERTION_ERROR
INFO: [VRFC 10-311] analyzing module BaudTickGen
INFO: [VRFC 10-2263] Analyzing Verilog file "C:/Users/acer/Desktop/thinpad_top/thinpad_top.srcs/sources_1/new/vga.v" into library xil_defaultlib
INFO: [VRFC 10-311] analyzing module vga
INFO: [VRFC 10-2263] Analyzing Verilog file "C:/Users/acer/Desktop/thinpad_top/thinpad_top.srcs/sources_1/new/InstMEM.v" into library xil_defaultlib
INFO: [VRFC 10-311] analyzing module InstMEM
INFO: [VRFC 10-2263] Analyzing Verilog file "C:/Users/acer/Desktop/thinpad_top/thinpad_top.srcs/sources_1/new/ALU.v" into library xil_defaultlib
INFO: [VRFC 10-311] analyzing module ALU
WARNING: [VRFC 10-2096] empty statement in sequential block [C:/Users/acer/Desktop/thinpad_top/thinpad_top.srcs/sources_1/new/ALU.v:27]
INFO: [VRFC 10-2263] Analyzing Verilog file "C:/Users/acer/Desktop/thinpad_top/thinpad_top.srcs/sources_1/new/ControlUnit.v" into library xil_defaultlib
INFO: [VRFC 10-311] analyzing module ControlUnit
INFO: [VRFC 10-2263] Analyzing Verilog file "C:/Users/acer/Desktop/thinpad_top/thinpad_top.srcs/sources_1/new/Extend.v" into library xil_defaultlib
INFO: [VRFC 10-311] analyzing module Extend
INFO: [VRFC 10-2263] Analyzing Verilog file "C:/Users/acer/Desktop/thinpad_top/thinpad_top.srcs/sources_1/new/Register.v" into library xil_defaultlib
INFO: [VRFC 10-311] analyzing module Register
INFO: [VRFC 10-2263] Analyzing Verilog file "C:/Users/acer/Desktop/thinpad_top/thinpad_top.srcs/sources_1/new/DataMem.v" into library xil_defaultlib
INFO: [VRFC 10-311] analyzing module DataMem
INFO: [VRFC 10-2263] Analyzing Verilog file "C:/Users/acer/Desktop/thinpad_top/thinpad_top.srcs/sources_1/new/PC.v" into library xil_defaultlib
INFO: [VRFC 10-311] analyzing module PC
INFO: [VRFC 10-2263] Analyzing Verilog file "C:/Users/acer/Desktop/thinpad_top/thinpad_top.srcs/sources_1/new/thinpad_top.v" into library xil_defaultlib
INFO: [VRFC 10-311] analyzing module thinpad_top
INFO: [VRFC 10-2263] Analyzing Verilog file "C:/Users/acer/Desktop/thinpad_top/thinpad_top.srcs/sources_1/new/MUX32.v" into library xil_defaultlib
INFO: [VRFC 10-311] analyzing module MUX32
INFO: [VRFC 10-2263] Analyzing Verilog file "C:/Users/acer/Desktop/thinpad_top/thinpad_top.srcs/sources_1/new/MUX5.v" into library xil_defaultlib
INFO: [VRFC 10-311] analyzing module MUX5
INFO: [VRFC 10-2263] Analyzing Verilog file "C:/Users/acer/Desktop/thinpad_top/thinpad_top.srcs/sources_1/new/IF2ID.v" into library xil_defaultlib
INFO: [VRFC 10-311] analyzing module IF2ID
INFO: [VRFC 10-2263] Analyzing Verilog file "C:/Users/acer/Desktop/thinpad_top/thinpad_top.srcs/sources_1/new/EX2MEM.v" into library xil_defaultlib
INFO: [VRFC 10-311] analyzing module EX2MEM
INFO: [VRFC 10-2263] Analyzing Verilog file "C:/Users/acer/Desktop/thinpad_top/thinpad_top.srcs/sources_1/new/MEM2WB.v" into library xil_defaultlib
INFO: [VRFC 10-311] analyzing module MEM2WB
INFO: [VRFC 10-2263] Analyzing Verilog file "C:/Users/acer/Desktop/thinpad_top/thinpad_top.srcs/sources_1/new/ID2EX.v" into library xil_defaultlib
INFO: [VRFC 10-311] analyzing module ID2EX
INFO: [VRFC 10-2263] Analyzing Verilog file "C:/Users/acer/Desktop/thinpad_top/thinpad_top.srcs/sources_1/new/MUX_ALU.v" into library xil_defaultlib
INFO: [VRFC 10-311] analyzing module MUX_ALU
INFO: [VRFC 10-2263] Analyzing Verilog file "C:/Users/acer/Desktop/thinpad_top/thinpad_top.srcs/sources_1/new/Forward.v" into library xil_defaultlib
INFO: [VRFC 10-311] analyzing module Forward
INFO: [VRFC 10-2263] Analyzing SystemVerilog file "C:/Users/acer/Desktop/thinpad_top/thinpad_top.srcs/sim_1/new/test.sv" into library xil_defaultlib
INFO: [VRFC 10-311] analyzing module tb
run_program: Time (s): cpu = 00:00:02 ; elapsed = 00:00:05 . Memory (MB): peak = 953.293 ; gain = 0.000
INFO: [USF-XSim-69] 'compile' step finished in '5' seconds
INFO: [USF-XSim-3] XSim::Elaborate design
INFO: [USF-XSim-61] Executing 'ELABORATE' step in 'C:/Users/acer/Desktop/thinpad_top/thinpad_top.sim/sim_1/behav/xsim'
Vivado Simulator 2018.2
Copyright 1986-1999, 2001-2018 Xilinx, Inc. All Rights Reserved.
Running: E:/Vivado/Vivado/2018.2/bin/unwrapped/win64.o/xelab.exe -wto 1e0777dd008c45fcbaffd6b18f2c35e9 --incr --debug typical --relax --mt 2 -L xil_defaultlib -L unisims_ver -L unimacro_ver -L secureip -L xpm --snapshot tb_behav xil_defaultlib.tb xil_defaultlib.glbl -log elaborate.log 
Using 2 slave threads.
Starting static elaboration
Completed static elaboration
Starting simulation data flow analysis
Completed simulation data flow analysis
Time Resolution for simulation is 1ps
Compiling module xil_defaultlib.PC
Compiling module xil_defaultlib.InstMEM
Compiling module xil_defaultlib.IF2ID
Compiling module xil_defaultlib.ControlUnit
Compiling module xil_defaultlib.Register
Compiling module xil_defaultlib.Extend
Compiling module xil_defaultlib.ID2EX
Compiling module xil_defaultlib.MUX_ALU
Compiling module xil_defaultlib.ALU
Compiling module xil_defaultlib.MUX5
Compiling module xil_defaultlib.EX2MEM
Compiling module xil_defaultlib.DataMem
Compiling module xil_defaultlib.MEM2WB
Compiling module xil_defaultlib.MUX32
Compiling module xil_defaultlib.Forward
Compiling module xil_defaultlib.thinpad_top
Compiling module xil_defaultlib.tb
Compiling module xil_defaultlib.glbl
Built simulation snapshot tb_behav

****** Webtalk v2018.2 (64-bit)
  **** SW Build 2258646 on Thu Jun 14 20:03:12 MDT 2018
  **** IP Build 2256618 on Thu Jun 14 22:10:49 MDT 2018
    ** Copyright 1986-2018 Xilinx, Inc. All Rights Reserved.

source C:/Users/acer/Desktop/thinpad_top/thinpad_top.sim/sim_1/behav/xsim/xsim.dir/tb_behav/webtalk/xsim_webtalk.tcl -notrace
INFO: [Common 17-186] 'C:/Users/acer/Desktop/thinpad_top/thinpad_top.sim/sim_1/behav/xsim/xsim.dir/tb_behav/webtalk/usage_statistics_ext_xsim.xml' has been successfully sent to Xilinx on Fri Nov 16 14:05:56 2018. For additional details about this file, please refer to the WebTalk help file at E:/Vivado/Vivado/2018.2/doc/webtalk_introduction.html.
webtalk_transmit: Time (s): cpu = 00:00:00 ; elapsed = 00:00:07 . Memory (MB): peak = 56.988 ; gain = 1.305
INFO: [Common 17-206] Exiting Webtalk at Fri Nov 16 14:05:56 2018...
run_program: Time (s): cpu = 00:00:00 ; elapsed = 00:00:14 . Memory (MB): peak = 953.293 ; gain = 0.000
INFO: [USF-XSim-69] 'elaborate' step finished in '14' seconds
INFO: [USF-XSim-4] XSim::Simulate design
INFO: [USF-XSim-61] Executing 'SIMULATE' step in 'C:/Users/acer/Desktop/thinpad_top/thinpad_top.sim/sim_1/behav/xsim'
INFO: [USF-XSim-98] *** Running xsim
   with args "tb_behav -key {Behavioral:sim_1:Functional:tb} -tclbatch {tb.tcl} -log {simulate.log}"
INFO: [USF-XSim-8] Loading simulator feature
Vivado Simulator 2018.2
Time resolution is 1 ps
source tb.tcl
# set curr_wave [current_wave_config]
# if { [string length $curr_wave] == 0 } {
#   if { [llength [get_objects]] > 0} {
#     add_wave /
#     set_property needs_save false [current_wave_config]
#   } else {
#      send_msg_id Add_Wave-1 WARNING "No top level signals found. Simulator will start without a wave window. If you want to open a wave window go to 'File->New Waveform Configuration' or type 'create_wave_config' in the TCL console."
#   }
# }
# run 10us
34000001
34210001
34630008
34840028
xxxxxxxx
xxxxxxxx
xxxxxxxx
xxxxxxxx
xxxxxxxx
xxxxxxxx
xxxxxxxx
xxxxxxxx
xxxxxxxx
xxxxxxxx
xxxxxxxx
xxxxxxxx
xxxxxxxx
xxxxxxxx
xxxxxxxx
xxxxxxxx
xxxxxxxx
xxxxxxxx
xxxxxxxx
xxxxxxxx
xsim: Time (s): cpu = 00:00:12 ; elapsed = 00:00:06 . Memory (MB): peak = 967.055 ; gain = 13.762
INFO: [USF-XSim-96] XSim completed. Design snapshot 'tb_behav' loaded.
INFO: [USF-XSim-97] XSim simulation ran for 10us
launch_simulation: Time (s): cpu = 00:00:16 ; elapsed = 00:00:27 . Memory (MB): peak = 967.055 ; gain = 13.762
close_sim
INFO: [Simtcl 6-16] Simulation closed
close_sim: Time (s): cpu = 00:00:03 ; elapsed = 00:00:12 . Memory (MB): peak = 970.871 ; gain = 0.000
launch_simulation
INFO: [Vivado 12-5698] Checking validity of IPs in the design for the 'XSim' simulator...
INFO: [Vivado 12-5682] Launching behavioral simulation in 'C:/Users/acer/Desktop/thinpad_top/thinpad_top.sim/sim_1/behav/xsim'
INFO: [Vivado 12-4795] Using compiled simulation libraries for IPs
INFO: [SIM-utils-51] Simulation object is 'sim_1'
INFO: [USF-XSim-7] Finding pre-compiled libraries...
INFO: [USF-XSim-11] File 'E:/Vivado/Vivado/2018.2/data/xsim/xsim.ini' copied to run dir:'C:/Users/acer/Desktop/thinpad_top/thinpad_top.sim/sim_1/behav/xsim'
INFO: [SIM-utils-54] Inspecting design source files for 'tb' in fileset 'sim_1'...
INFO: [SIM-utils-43] Exported 'C:/Users/acer/Desktop/thinpad_top/thinpad_top.sim/sim_1/behav/xsim/CFImemory64Mb_top.mem'
INFO: [SIM-utils-43] Exported 'C:/Users/acer/Desktop/thinpad_top/thinpad_top.sim/sim_1/behav/xsim/CFImemory64Mb_bottom.mem'
INFO: [SIM-utils-43] Exported 'C:/Users/acer/Desktop/thinpad_top/thinpad_top.sim/sim_1/behav/xsim/CFImemory64Mb_top.mem'
INFO: [SIM-utils-43] Exported 'C:/Users/acer/Desktop/thinpad_top/thinpad_top.sim/sim_1/behav/xsim/CFImemory64Mb_bottom.mem'
INFO: [USF-XSim-97] Finding global include files...
INFO: [USF-XSim-100] Fetching design files from 'sources_1'...(this may take a while)...
INFO: [USF-XSim-101] Fetching design files from 'sim_1'...
INFO: [USF-XSim-2] XSim::Compile design
INFO: [USF-XSim-61] Executing 'COMPILE and ANALYZE' step in 'C:/Users/acer/Desktop/thinpad_top/thinpad_top.sim/sim_1/behav/xsim'
"xvlog --incr --relax -prj tb_vlog.prj"
INFO: [VRFC 10-2263] Analyzing Verilog file "C:/Users/acer/Desktop/thinpad_top/thinpad_top.srcs/sources_1/ip/pll_example/pll_example_sim_netlist.v" into library xil_defaultlib
INFO: [VRFC 10-311] analyzing module pll_example
INFO: [VRFC 10-311] analyzing module pll_example_pll_example_clk_wiz
INFO: [VRFC 10-311] analyzing module glbl
INFO: [VRFC 10-2263] Analyzing Verilog file "C:/Users/acer/Desktop/thinpad_top/thinpad_top.srcs/sources_1/new/SEG7_LUT.v" into library xil_defaultlib
INFO: [VRFC 10-311] analyzing module SEG7_LUT
INFO: [VRFC 10-2263] Analyzing Verilog file "C:/Users/acer/Desktop/thinpad_top/thinpad_top.srcs/sources_1/new/async.v" into library xil_defaultlib
INFO: [VRFC 10-311] analyzing module async_transmitter
INFO: [VRFC 10-311] analyzing module async_receiver
INFO: [VRFC 10-311] analyzing module ASSERTION_ERROR
INFO: [VRFC 10-311] analyzing module BaudTickGen
INFO: [VRFC 10-2263] Analyzing Verilog file "C:/Users/acer/Desktop/thinpad_top/thinpad_top.srcs/sources_1/new/vga.v" into library xil_defaultlib
INFO: [VRFC 10-311] analyzing module vga
INFO: [VRFC 10-2263] Analyzing Verilog file "C:/Users/acer/Desktop/thinpad_top/thinpad_top.srcs/sources_1/new/InstMEM.v" into library xil_defaultlib
INFO: [VRFC 10-311] analyzing module InstMEM
INFO: [VRFC 10-2263] Analyzing Verilog file "C:/Users/acer/Desktop/thinpad_top/thinpad_top.srcs/sources_1/new/ALU.v" into library xil_defaultlib
INFO: [VRFC 10-311] analyzing module ALU
WARNING: [VRFC 10-2096] empty statement in sequential block [C:/Users/acer/Desktop/thinpad_top/thinpad_top.srcs/sources_1/new/ALU.v:27]
INFO: [VRFC 10-2263] Analyzing Verilog file "C:/Users/acer/Desktop/thinpad_top/thinpad_top.srcs/sources_1/new/ControlUnit.v" into library xil_defaultlib
INFO: [VRFC 10-311] analyzing module ControlUnit
INFO: [VRFC 10-2263] Analyzing Verilog file "C:/Users/acer/Desktop/thinpad_top/thinpad_top.srcs/sources_1/new/Extend.v" into library xil_defaultlib
INFO: [VRFC 10-311] analyzing module Extend
INFO: [VRFC 10-2263] Analyzing Verilog file "C:/Users/acer/Desktop/thinpad_top/thinpad_top.srcs/sources_1/new/Register.v" into library xil_defaultlib
INFO: [VRFC 10-311] analyzing module Register
INFO: [VRFC 10-2263] Analyzing Verilog file "C:/Users/acer/Desktop/thinpad_top/thinpad_top.srcs/sources_1/new/DataMem.v" into library xil_defaultlib
INFO: [VRFC 10-311] analyzing module DataMem
INFO: [VRFC 10-2263] Analyzing Verilog file "C:/Users/acer/Desktop/thinpad_top/thinpad_top.srcs/sources_1/new/PC.v" into library xil_defaultlib
INFO: [VRFC 10-311] analyzing module PC
INFO: [VRFC 10-2263] Analyzing Verilog file "C:/Users/acer/Desktop/thinpad_top/thinpad_top.srcs/sources_1/new/thinpad_top.v" into library xil_defaultlib
INFO: [VRFC 10-311] analyzing module thinpad_top
INFO: [VRFC 10-2263] Analyzing Verilog file "C:/Users/acer/Desktop/thinpad_top/thinpad_top.srcs/sources_1/new/MUX32.v" into library xil_defaultlib
INFO: [VRFC 10-311] analyzing module MUX32
INFO: [VRFC 10-2263] Analyzing Verilog file "C:/Users/acer/Desktop/thinpad_top/thinpad_top.srcs/sources_1/new/MUX5.v" into library xil_defaultlib
INFO: [VRFC 10-311] analyzing module MUX5
INFO: [VRFC 10-2263] Analyzing Verilog file "C:/Users/acer/Desktop/thinpad_top/thinpad_top.srcs/sources_1/new/IF2ID.v" into library xil_defaultlib
INFO: [VRFC 10-311] analyzing module IF2ID
INFO: [VRFC 10-2263] Analyzing Verilog file "C:/Users/acer/Desktop/thinpad_top/thinpad_top.srcs/sources_1/new/EX2MEM.v" into library xil_defaultlib
INFO: [VRFC 10-311] analyzing module EX2MEM
INFO: [VRFC 10-2263] Analyzing Verilog file "C:/Users/acer/Desktop/thinpad_top/thinpad_top.srcs/sources_1/new/MEM2WB.v" into library xil_defaultlib
INFO: [VRFC 10-311] analyzing module MEM2WB
INFO: [VRFC 10-2263] Analyzing Verilog file "C:/Users/acer/Desktop/thinpad_top/thinpad_top.srcs/sources_1/new/ID2EX.v" into library xil_defaultlib
INFO: [VRFC 10-311] analyzing module ID2EX
INFO: [VRFC 10-2263] Analyzing Verilog file "C:/Users/acer/Desktop/thinpad_top/thinpad_top.srcs/sources_1/new/MUX_ALU.v" into library xil_defaultlib
INFO: [VRFC 10-311] analyzing module MUX_ALU
INFO: [VRFC 10-2263] Analyzing Verilog file "C:/Users/acer/Desktop/thinpad_top/thinpad_top.srcs/sources_1/new/Forward.v" into library xil_defaultlib
INFO: [VRFC 10-311] analyzing module Forward
INFO: [VRFC 10-2263] Analyzing Verilog file "C:/Users/acer/Desktop/thinpad_top/thinpad_top.sim/sim_1/behav/xsim/glbl.v" into library xil_defaultlib
INFO: [VRFC 10-311] analyzing module glbl
WARNING: [VRFC 10-2845] overwriting previous definition of module glbl [C:/Users/acer/Desktop/thinpad_top/thinpad_top.sim/sim_1/behav/xsim/glbl.v:6]
run_program: Time (s): cpu = 00:00:00 ; elapsed = 00:00:05 . Memory (MB): peak = 970.871 ; gain = 0.000
INFO: [USF-XSim-69] 'compile' step finished in '5' seconds
INFO: [USF-XSim-3] XSim::Elaborate design
INFO: [USF-XSim-61] Executing 'ELABORATE' step in 'C:/Users/acer/Desktop/thinpad_top/thinpad_top.sim/sim_1/behav/xsim'
Vivado Simulator 2018.2
Copyright 1986-1999, 2001-2018 Xilinx, Inc. All Rights Reserved.
Running: E:/Vivado/Vivado/2018.2/bin/unwrapped/win64.o/xelab.exe -wto 1e0777dd008c45fcbaffd6b18f2c35e9 --incr --debug typical --relax --mt 2 -L xil_defaultlib -L unisims_ver -L unimacro_ver -L secureip -L xpm --snapshot tb_behav xil_defaultlib.tb xil_defaultlib.glbl -log elaborate.log 
Using 2 slave threads.
Starting static elaboration
Completed static elaboration
Starting simulation data flow analysis
Completed simulation data flow analysis
Time Resolution for simulation is 1ps
Compiling module xil_defaultlib.PC
Compiling module xil_defaultlib.InstMEM
Compiling module xil_defaultlib.IF2ID
Compiling module xil_defaultlib.ControlUnit
Compiling module xil_defaultlib.Register
Compiling module xil_defaultlib.Extend
Compiling module xil_defaultlib.ID2EX
Compiling module xil_defaultlib.MUX_ALU
Compiling module xil_defaultlib.ALU
Compiling module xil_defaultlib.MUX5
Compiling module xil_defaultlib.EX2MEM
Compiling module xil_defaultlib.DataMem
Compiling module xil_defaultlib.MEM2WB
Compiling module xil_defaultlib.MUX32
Compiling module xil_defaultlib.Forward
Compiling module xil_defaultlib.thinpad_top
Compiling module xil_defaultlib.tb
Compiling module xil_defaultlib.glbl
Built simulation snapshot tb_behav
run_program: Time (s): cpu = 00:00:00 ; elapsed = 00:00:05 . Memory (MB): peak = 970.871 ; gain = 0.000
INFO: [USF-XSim-69] 'elaborate' step finished in '5' seconds
INFO: [USF-XSim-4] XSim::Simulate design
INFO: [USF-XSim-61] Executing 'SIMULATE' step in 'C:/Users/acer/Desktop/thinpad_top/thinpad_top.sim/sim_1/behav/xsim'
INFO: [USF-XSim-98] *** Running xsim
   with args "tb_behav -key {Behavioral:sim_1:Functional:tb} -tclbatch {tb.tcl} -log {simulate.log}"
INFO: [USF-XSim-8] Loading simulator feature
Vivado Simulator 2018.2
Time resolution is 1 ps
source tb.tcl
# set curr_wave [current_wave_config]
# if { [string length $curr_wave] == 0 } {
#   if { [llength [get_objects]] > 0} {
#     add_wave /
#     set_property needs_save false [current_wave_config]
#   } else {
#      send_msg_id Add_Wave-1 WARNING "No top level signals found. Simulator will start without a wave window. If you want to open a wave window go to 'File->New Waveform Configuration' or type 'create_wave_config' in the TCL console."
#   }
# }
# run 10us
34000001
34000002
34000004
34000028
xxxxxxxx
xxxxxxxx
xxxxxxxx
xxxxxxxx
xxxxxxxx
xxxxxxxx
xxxxxxxx
xxxxxxxx
xxxxxxxx
xxxxxxxx
xxxxxxxx
xxxxxxxx
xxxxxxxx
xxxxxxxx
xxxxxxxx
xxxxxxxx
xxxxxxxx
xxxxxxxx
xxxxxxxx
xxxxxxxx
INFO: [USF-XSim-96] XSim completed. Design snapshot 'tb_behav' loaded.
INFO: [USF-XSim-97] XSim simulation ran for 10us
launch_simulation: Time (s): cpu = 00:00:09 ; elapsed = 00:00:16 . Memory (MB): peak = 970.871 ; gain = 0.000
close_sim
INFO: [Simtcl 6-16] Simulation closed
launch_simulation
INFO: [Vivado 12-5698] Checking validity of IPs in the design for the 'XSim' simulator...
INFO: [Vivado 12-5682] Launching behavioral simulation in 'C:/Users/acer/Desktop/thinpad_top/thinpad_top.sim/sim_1/behav/xsim'
INFO: [Vivado 12-4795] Using compiled simulation libraries for IPs
INFO: [SIM-utils-51] Simulation object is 'sim_1'
INFO: [USF-XSim-7] Finding pre-compiled libraries...
INFO: [USF-XSim-11] File 'E:/Vivado/Vivado/2018.2/data/xsim/xsim.ini' copied to run dir:'C:/Users/acer/Desktop/thinpad_top/thinpad_top.sim/sim_1/behav/xsim'
INFO: [SIM-utils-54] Inspecting design source files for 'tb' in fileset 'sim_1'...
INFO: [SIM-utils-43] Exported 'C:/Users/acer/Desktop/thinpad_top/thinpad_top.sim/sim_1/behav/xsim/CFImemory64Mb_top.mem'
INFO: [SIM-utils-43] Exported 'C:/Users/acer/Desktop/thinpad_top/thinpad_top.sim/sim_1/behav/xsim/CFImemory64Mb_bottom.mem'
INFO: [SIM-utils-43] Exported 'C:/Users/acer/Desktop/thinpad_top/thinpad_top.sim/sim_1/behav/xsim/CFImemory64Mb_top.mem'
INFO: [SIM-utils-43] Exported 'C:/Users/acer/Desktop/thinpad_top/thinpad_top.sim/sim_1/behav/xsim/CFImemory64Mb_bottom.mem'
INFO: [USF-XSim-97] Finding global include files...
INFO: [USF-XSim-100] Fetching design files from 'sources_1'...(this may take a while)...
INFO: [USF-XSim-101] Fetching design files from 'sim_1'...
INFO: [USF-XSim-2] XSim::Compile design
INFO: [USF-XSim-61] Executing 'COMPILE and ANALYZE' step in 'C:/Users/acer/Desktop/thinpad_top/thinpad_top.sim/sim_1/behav/xsim'
"xvlog --incr --relax -prj tb_vlog.prj"
INFO: [VRFC 10-2263] Analyzing Verilog file "C:/Users/acer/Desktop/thinpad_top/thinpad_top.srcs/sources_1/ip/pll_example/pll_example_sim_netlist.v" into library xil_defaultlib
INFO: [VRFC 10-311] analyzing module pll_example
INFO: [VRFC 10-311] analyzing module pll_example_pll_example_clk_wiz
INFO: [VRFC 10-311] analyzing module glbl
INFO: [VRFC 10-2263] Analyzing Verilog file "C:/Users/acer/Desktop/thinpad_top/thinpad_top.srcs/sources_1/new/SEG7_LUT.v" into library xil_defaultlib
INFO: [VRFC 10-311] analyzing module SEG7_LUT
INFO: [VRFC 10-2263] Analyzing Verilog file "C:/Users/acer/Desktop/thinpad_top/thinpad_top.srcs/sources_1/new/async.v" into library xil_defaultlib
INFO: [VRFC 10-311] analyzing module async_transmitter
INFO: [VRFC 10-311] analyzing module async_receiver
INFO: [VRFC 10-311] analyzing module ASSERTION_ERROR
INFO: [VRFC 10-311] analyzing module BaudTickGen
INFO: [VRFC 10-2263] Analyzing Verilog file "C:/Users/acer/Desktop/thinpad_top/thinpad_top.srcs/sources_1/new/vga.v" into library xil_defaultlib
INFO: [VRFC 10-311] analyzing module vga
INFO: [VRFC 10-2263] Analyzing Verilog file "C:/Users/acer/Desktop/thinpad_top/thinpad_top.srcs/sources_1/new/InstMEM.v" into library xil_defaultlib
INFO: [VRFC 10-311] analyzing module InstMEM
INFO: [VRFC 10-2263] Analyzing Verilog file "C:/Users/acer/Desktop/thinpad_top/thinpad_top.srcs/sources_1/new/ALU.v" into library xil_defaultlib
INFO: [VRFC 10-311] analyzing module ALU
WARNING: [VRFC 10-2096] empty statement in sequential block [C:/Users/acer/Desktop/thinpad_top/thinpad_top.srcs/sources_1/new/ALU.v:27]
INFO: [VRFC 10-2263] Analyzing Verilog file "C:/Users/acer/Desktop/thinpad_top/thinpad_top.srcs/sources_1/new/ControlUnit.v" into library xil_defaultlib
INFO: [VRFC 10-311] analyzing module ControlUnit
INFO: [VRFC 10-2263] Analyzing Verilog file "C:/Users/acer/Desktop/thinpad_top/thinpad_top.srcs/sources_1/new/Extend.v" into library xil_defaultlib
INFO: [VRFC 10-311] analyzing module Extend
INFO: [VRFC 10-2263] Analyzing Verilog file "C:/Users/acer/Desktop/thinpad_top/thinpad_top.srcs/sources_1/new/Register.v" into library xil_defaultlib
INFO: [VRFC 10-311] analyzing module Register
INFO: [VRFC 10-2263] Analyzing Verilog file "C:/Users/acer/Desktop/thinpad_top/thinpad_top.srcs/sources_1/new/DataMem.v" into library xil_defaultlib
INFO: [VRFC 10-311] analyzing module DataMem
INFO: [VRFC 10-2263] Analyzing Verilog file "C:/Users/acer/Desktop/thinpad_top/thinpad_top.srcs/sources_1/new/PC.v" into library xil_defaultlib
INFO: [VRFC 10-311] analyzing module PC
INFO: [VRFC 10-2263] Analyzing Verilog file "C:/Users/acer/Desktop/thinpad_top/thinpad_top.srcs/sources_1/new/thinpad_top.v" into library xil_defaultlib
INFO: [VRFC 10-311] analyzing module thinpad_top
INFO: [VRFC 10-2263] Analyzing Verilog file "C:/Users/acer/Desktop/thinpad_top/thinpad_top.srcs/sources_1/new/MUX32.v" into library xil_defaultlib
INFO: [VRFC 10-311] analyzing module MUX32
INFO: [VRFC 10-2263] Analyzing Verilog file "C:/Users/acer/Desktop/thinpad_top/thinpad_top.srcs/sources_1/new/MUX5.v" into library xil_defaultlib
INFO: [VRFC 10-311] analyzing module MUX5
INFO: [VRFC 10-2263] Analyzing Verilog file "C:/Users/acer/Desktop/thinpad_top/thinpad_top.srcs/sources_1/new/IF2ID.v" into library xil_defaultlib
INFO: [VRFC 10-311] analyzing module IF2ID
INFO: [VRFC 10-2263] Analyzing Verilog file "C:/Users/acer/Desktop/thinpad_top/thinpad_top.srcs/sources_1/new/EX2MEM.v" into library xil_defaultlib
INFO: [VRFC 10-311] analyzing module EX2MEM
INFO: [VRFC 10-2263] Analyzing Verilog file "C:/Users/acer/Desktop/thinpad_top/thinpad_top.srcs/sources_1/new/MEM2WB.v" into library xil_defaultlib
INFO: [VRFC 10-311] analyzing module MEM2WB
INFO: [VRFC 10-2263] Analyzing Verilog file "C:/Users/acer/Desktop/thinpad_top/thinpad_top.srcs/sources_1/new/ID2EX.v" into library xil_defaultlib
INFO: [VRFC 10-311] analyzing module ID2EX
INFO: [VRFC 10-2263] Analyzing Verilog file "C:/Users/acer/Desktop/thinpad_top/thinpad_top.srcs/sources_1/new/MUX_ALU.v" into library xil_defaultlib
INFO: [VRFC 10-311] analyzing module MUX_ALU
INFO: [VRFC 10-2263] Analyzing Verilog file "C:/Users/acer/Desktop/thinpad_top/thinpad_top.srcs/sources_1/new/Forward.v" into library xil_defaultlib
INFO: [VRFC 10-311] analyzing module Forward
INFO: [USF-XSim-69] 'compile' step finished in '3' seconds
INFO: [USF-XSim-3] XSim::Elaborate design
INFO: [USF-XSim-61] Executing 'ELABORATE' step in 'C:/Users/acer/Desktop/thinpad_top/thinpad_top.sim/sim_1/behav/xsim'
Vivado Simulator 2018.2
Copyright 1986-1999, 2001-2018 Xilinx, Inc. All Rights Reserved.
Running: E:/Vivado/Vivado/2018.2/bin/unwrapped/win64.o/xelab.exe -wto 1e0777dd008c45fcbaffd6b18f2c35e9 --incr --debug typical --relax --mt 2 -L xil_defaultlib -L unisims_ver -L unimacro_ver -L secureip -L xpm --snapshot tb_behav xil_defaultlib.tb xil_defaultlib.glbl -log elaborate.log 
Using 2 slave threads.
Starting static elaboration
Completed static elaboration
Starting simulation data flow analysis
Completed simulation data flow analysis
Time Resolution for simulation is 1ps
Compiling module xil_defaultlib.PC
Compiling module xil_defaultlib.InstMEM
Compiling module xil_defaultlib.IF2ID
Compiling module xil_defaultlib.ControlUnit
Compiling module xil_defaultlib.Register
Compiling module xil_defaultlib.Extend
Compiling module xil_defaultlib.ID2EX
Compiling module xil_defaultlib.MUX_ALU
Compiling module xil_defaultlib.ALU
Compiling module xil_defaultlib.MUX5
Compiling module xil_defaultlib.EX2MEM
Compiling module xil_defaultlib.DataMem
Compiling module xil_defaultlib.MEM2WB
Compiling module xil_defaultlib.MUX32
Compiling module xil_defaultlib.Forward
Compiling module xil_defaultlib.thinpad_top
Compiling module xil_defaultlib.tb
Compiling module xil_defaultlib.glbl
Built simulation snapshot tb_behav
INFO: [USF-XSim-69] 'elaborate' step finished in '5' seconds
INFO: [USF-XSim-4] XSim::Simulate design
INFO: [USF-XSim-61] Executing 'SIMULATE' step in 'C:/Users/acer/Desktop/thinpad_top/thinpad_top.sim/sim_1/behav/xsim'
INFO: [USF-XSim-98] *** Running xsim
   with args "tb_behav -key {Behavioral:sim_1:Functional:tb} -tclbatch {tb.tcl} -log {simulate.log}"
INFO: [USF-XSim-8] Loading simulator feature
Vivado Simulator 2018.2
Time resolution is 1 ps
source tb.tcl
# set curr_wave [current_wave_config]
# if { [string length $curr_wave] == 0 } {
#   if { [llength [get_objects]] > 0} {
#     add_wave /
#     set_property needs_save false [current_wave_config]
#   } else {
#      send_msg_id Add_Wave-1 WARNING "No top level signals found. Simulator will start without a wave window. If you want to open a wave window go to 'File->New Waveform Configuration' or type 'create_wave_config' in the TCL console."
#   }
# }
# run 10us
24000007
00000821
00011021
30430006
00430821
00222027
00442025
34000010
xxxxxxxx
xxxxxxxx
xxxxxxxx
xxxxxxxx
xxxxxxxx
xxxxxxxx
xxxxxxxx
xxxxxxxx
xxxxxxxx
xxxxxxxx
xxxxxxxx
xxxxxxxx
xxxxxxxx
xxxxxxxx
xxxxxxxx
xxxxxxxx
FATAL_ERROR: Iteration limit 10000 is reached. Possible zero delay oscillation detected where simulation time can not advance. Please check your source code. Note that the iteration limit can be changed using switch -maxdeltaid.
Time: 1300 ns  Iteration: 10000
INFO: [USF-XSim-96] XSim completed. Design snapshot 'tb_behav' loaded.
INFO: [USF-XSim-97] XSim simulation ran for 10us
launch_simulation: Time (s): cpu = 00:00:05 ; elapsed = 00:00:12 . Memory (MB): peak = 970.871 ; gain = 0.000
set_property -name {xsim.simulate.runtime} -value {100us} -objects [get_filesets sim_1]
WARNING: [filemgmt 56-199] Attempt to get parsing info during refresh. "On-the-fly" syntax checking information may be incorrect. [C:/Users/acer/Desktop/thinpad_top/thinpad_top.srcs/sim_1/new/test.sv:]
WARNING: [filemgmt 56-199] Attempt to get parsing info during refresh. "On-the-fly" syntax checking information may be incorrect. [C:/Users/acer/Desktop/thinpad_top/thinpad_top.srcs/sources_1/new/MUX_ALU.v:]
WARNING: [filemgmt 56-199] Attempt to get parsing info during refresh. "On-the-fly" syntax checking information may be incorrect. [C:/Users/acer/Desktop/thinpad_top/thinpad_top.srcs/sources_1/new/thinpad_top.v:]
WARNING: [filemgmt 56-199] Attempt to get parsing info during refresh. "On-the-fly" syntax checking information may be incorrect. [C:/Users/acer/Desktop/thinpad_top/thinpad_top.srcs/sources_1/new/Forward.v:]
WARNING: [filemgmt 56-199] Attempt to get parsing info during refresh. "On-the-fly" syntax checking information may be incorrect. [C:/Users/acer/Desktop/thinpad_top/thinpad_top.srcs/sources_1/new/ControlUnit.v:]
WARNING: [filemgmt 56-199] Attempt to get parsing info during refresh. "On-the-fly" syntax checking information may be incorrect. [C:/Users/acer/Desktop/thinpad_top/thinpad_top.srcs/sources_1/new/MUX5.v:]
WARNING: [filemgmt 56-199] Attempt to get parsing info during refresh. "On-the-fly" syntax checking information may be incorrect. [C:/Users/acer/Desktop/thinpad_top/thinpad_top.srcs/sources_1/new/ALU.v:]
WARNING: [filemgmt 56-199] Attempt to get parsing info during refresh. "On-the-fly" syntax checking information may be incorrect. [C:/Users/acer/Desktop/thinpad_top/thinpad_top.srcs/sources_1/new/ID2EX.v:]
WARNING: [filemgmt 56-199] Attempt to get parsing info during refresh. "On-the-fly" syntax checking information may be incorrect. [C:/Users/acer/Desktop/thinpad_top/thinpad_top.srcs/sim_1/new/test.sv:]
WARNING: [filemgmt 56-199] Attempt to get parsing info during refresh. "On-the-fly" syntax checking information may be incorrect. [C:/Users/acer/Desktop/thinpad_top/thinpad_top.srcs/sources_1/new/MUX_ALU.v:]
WARNING: [filemgmt 56-199] Attempt to get parsing info during refresh. "On-the-fly" syntax checking information may be incorrect. [C:/Users/acer/Desktop/thinpad_top/thinpad_top.srcs/sources_1/new/thinpad_top.v:]
WARNING: [filemgmt 56-199] Attempt to get parsing info during refresh. "On-the-fly" syntax checking information may be incorrect. [C:/Users/acer/Desktop/thinpad_top/thinpad_top.srcs/sources_1/new/Forward.v:]
WARNING: [filemgmt 56-199] Attempt to get parsing info during refresh. "On-the-fly" syntax checking information may be incorrect. [C:/Users/acer/Desktop/thinpad_top/thinpad_top.srcs/sources_1/new/ControlUnit.v:]
WARNING: [filemgmt 56-199] Attempt to get parsing info during refresh. "On-the-fly" syntax checking information may be incorrect. [C:/Users/acer/Desktop/thinpad_top/thinpad_top.srcs/sources_1/new/MUX5.v:]
WARNING: [filemgmt 56-199] Attempt to get parsing info during refresh. "On-the-fly" syntax checking information may be incorrect. [C:/Users/acer/Desktop/thinpad_top/thinpad_top.srcs/sources_1/new/ALU.v:]
WARNING: [filemgmt 56-199] Attempt to get parsing info during refresh. "On-the-fly" syntax checking information may be incorrect. [C:/Users/acer/Desktop/thinpad_top/thinpad_top.srcs/sources_1/new/ID2EX.v:]
WARNING: [filemgmt 56-199] Attempt to get parsing info during refresh. "On-the-fly" syntax checking information may be incorrect. [C:/Users/acer/Desktop/thinpad_top/thinpad_top.srcs/sim_1/new/test.sv:]
WARNING: [filemgmt 56-199] Attempt to get parsing info during refresh. "On-the-fly" syntax checking information may be incorrect. [C:/Users/acer/Desktop/thinpad_top/thinpad_top.srcs/sources_1/new/MUX_ALU.v:]
WARNING: [filemgmt 56-199] Attempt to get parsing info during refresh. "On-the-fly" syntax checking information may be incorrect. [C:/Users/acer/Desktop/thinpad_top/thinpad_top.srcs/sources_1/new/thinpad_top.v:]
WARNING: [filemgmt 56-199] Attempt to get parsing info during refresh. "On-the-fly" syntax checking information may be incorrect. [C:/Users/acer/Desktop/thinpad_top/thinpad_top.srcs/sources_1/new/Forward.v:]
WARNING: [filemgmt 56-199] Attempt to get parsing info during refresh. "On-the-fly" syntax checking information may be incorrect. [C:/Users/acer/Desktop/thinpad_top/thinpad_top.srcs/sources_1/new/ControlUnit.v:]
WARNING: [filemgmt 56-199] Attempt to get parsing info during refresh. "On-the-fly" syntax checking information may be incorrect. [C:/Users/acer/Desktop/thinpad_top/thinpad_top.srcs/sources_1/new/MUX5.v:]
WARNING: [filemgmt 56-199] Attempt to get parsing info during refresh. "On-the-fly" syntax checking information may be incorrect. [C:/Users/acer/Desktop/thinpad_top/thinpad_top.srcs/sources_1/new/ALU.v:]
WARNING: [filemgmt 56-199] Attempt to get parsing info during refresh. "On-the-fly" syntax checking information may be incorrect. [C:/Users/acer/Desktop/thinpad_top/thinpad_top.srcs/sources_1/new/ID2EX.v:]
WARNING: [filemgmt 56-199] Attempt to get parsing info during refresh. "On-the-fly" syntax checking information may be incorrect. [C:/Users/acer/Desktop/thinpad_top/thinpad_top.srcs/sim_1/new/test.sv:]
WARNING: [filemgmt 56-199] Attempt to get parsing info during refresh. "On-the-fly" syntax checking information may be incorrect. [C:/Users/acer/Desktop/thinpad_top/thinpad_top.srcs/sources_1/new/MUX_ALU.v:]
WARNING: [filemgmt 56-199] Attempt to get parsing info during refresh. "On-the-fly" syntax checking information may be incorrect. [C:/Users/acer/Desktop/thinpad_top/thinpad_top.srcs/sources_1/new/thinpad_top.v:]
WARNING: [filemgmt 56-199] Attempt to get parsing info during refresh. "On-the-fly" syntax checking information may be incorrect. [C:/Users/acer/Desktop/thinpad_top/thinpad_top.srcs/sources_1/new/Forward.v:]
WARNING: [filemgmt 56-199] Attempt to get parsing info during refresh. "On-the-fly" syntax checking information may be incorrect. [C:/Users/acer/Desktop/thinpad_top/thinpad_top.srcs/sources_1/new/ControlUnit.v:]
WARNING: [filemgmt 56-199] Attempt to get parsing info during refresh. "On-the-fly" syntax checking information may be incorrect. [C:/Users/acer/Desktop/thinpad_top/thinpad_top.srcs/sources_1/new/MUX5.v:]
WARNING: [filemgmt 56-199] Attempt to get parsing info during refresh. "On-the-fly" syntax checking information may be incorrect. [C:/Users/acer/Desktop/thinpad_top/thinpad_top.srcs/sources_1/new/ALU.v:]
WARNING: [filemgmt 56-199] Attempt to get parsing info during refresh. "On-the-fly" syntax checking information may be incorrect. [C:/Users/acer/Desktop/thinpad_top/thinpad_top.srcs/sources_1/new/ID2EX.v:]
WARNING: [filemgmt 56-199] Attempt to get parsing info during refresh. "On-the-fly" syntax checking information may be incorrect. [C:/Users/acer/Desktop/thinpad_top/thinpad_top.srcs/sim_1/new/test.sv:]
WARNING: [filemgmt 56-199] Attempt to get parsing info during refresh. "On-the-fly" syntax checking information may be incorrect. [C:/Users/acer/Desktop/thinpad_top/thinpad_top.srcs/sources_1/new/MUX_ALU.v:]
WARNING: [filemgmt 56-199] Attempt to get parsing info during refresh. "On-the-fly" syntax checking information may be incorrect. [C:/Users/acer/Desktop/thinpad_top/thinpad_top.srcs/sources_1/new/thinpad_top.v:]
WARNING: [filemgmt 56-199] Attempt to get parsing info during refresh. "On-the-fly" syntax checking information may be incorrect. [C:/Users/acer/Desktop/thinpad_top/thinpad_top.srcs/sources_1/new/Forward.v:]
WARNING: [filemgmt 56-199] Attempt to get parsing info during refresh. "On-the-fly" syntax checking information may be incorrect. [C:/Users/acer/Desktop/thinpad_top/thinpad_top.srcs/sources_1/new/ControlUnit.v:]
WARNING: [filemgmt 56-199] Attempt to get parsing info during refresh. "On-the-fly" syntax checking information may be incorrect. [C:/Users/acer/Desktop/thinpad_top/thinpad_top.srcs/sources_1/new/MUX5.v:]
WARNING: [filemgmt 56-199] Attempt to get parsing info during refresh. "On-the-fly" syntax checking information may be incorrect. [C:/Users/acer/Desktop/thinpad_top/thinpad_top.srcs/sources_1/new/ALU.v:]
WARNING: [filemgmt 56-199] Attempt to get parsing info during refresh. "On-the-fly" syntax checking information may be incorrect. [C:/Users/acer/Desktop/thinpad_top/thinpad_top.srcs/sources_1/new/ID2EX.v:]
WARNING: [filemgmt 56-199] Attempt to get parsing info during refresh. "On-the-fly" syntax checking information may be incorrect. [C:/Users/acer/Desktop/thinpad_top/thinpad_top.srcs/sim_1/new/test.sv:]
WARNING: [filemgmt 56-199] Attempt to get parsing info during refresh. "On-the-fly" syntax checking information may be incorrect. [C:/Users/acer/Desktop/thinpad_top/thinpad_top.srcs/sources_1/new/MUX_ALU.v:]
WARNING: [filemgmt 56-199] Attempt to get parsing info during refresh. "On-the-fly" syntax checking information may be incorrect. [C:/Users/acer/Desktop/thinpad_top/thinpad_top.srcs/sources_1/new/thinpad_top.v:]
WARNING: [filemgmt 56-199] Attempt to get parsing info during refresh. "On-the-fly" syntax checking information may be incorrect. [C:/Users/acer/Desktop/thinpad_top/thinpad_top.srcs/sources_1/new/Forward.v:]
WARNING: [filemgmt 56-199] Attempt to get parsing info during refresh. "On-the-fly" syntax checking information may be incorrect. [C:/Users/acer/Desktop/thinpad_top/thinpad_top.srcs/sources_1/new/ControlUnit.v:]
WARNING: [filemgmt 56-199] Attempt to get parsing info during refresh. "On-the-fly" syntax checking information may be incorrect. [C:/Users/acer/Desktop/thinpad_top/thinpad_top.srcs/sources_1/new/MUX5.v:]
WARNING: [filemgmt 56-199] Attempt to get parsing info during refresh. "On-the-fly" syntax checking information may be incorrect. [C:/Users/acer/Desktop/thinpad_top/thinpad_top.srcs/sources_1/new/ALU.v:]
WARNING: [filemgmt 56-199] Attempt to get parsing info during refresh. "On-the-fly" syntax checking information may be incorrect. [C:/Users/acer/Desktop/thinpad_top/thinpad_top.srcs/sources_1/new/ID2EX.v:]
ERROR: [Common 17-180] Spawn failed: No error
ERROR: [Common 17-180] Spawn failed: No error
close_sim
INFO: [Simtcl 6-16] Simulation closed
launch_simulation
INFO: [Vivado 12-5698] Checking validity of IPs in the design for the 'XSim' simulator...
INFO: [Vivado 12-5682] Launching behavioral simulation in 'C:/Users/acer/Desktop/thinpad_top/thinpad_top.sim/sim_1/behav/xsim'
INFO: [Vivado 12-4795] Using compiled simulation libraries for IPs
INFO: [SIM-utils-51] Simulation object is 'sim_1'
INFO: [USF-XSim-7] Finding pre-compiled libraries...
INFO: [USF-XSim-11] File 'E:/Vivado/Vivado/2018.2/data/xsim/xsim.ini' copied to run dir:'C:/Users/acer/Desktop/thinpad_top/thinpad_top.sim/sim_1/behav/xsim'
INFO: [SIM-utils-54] Inspecting design source files for 'tb' in fileset 'sim_1'...
INFO: [SIM-utils-43] Exported 'C:/Users/acer/Desktop/thinpad_top/thinpad_top.sim/sim_1/behav/xsim/CFImemory64Mb_top.mem'
INFO: [SIM-utils-43] Exported 'C:/Users/acer/Desktop/thinpad_top/thinpad_top.sim/sim_1/behav/xsim/CFImemory64Mb_bottom.mem'
INFO: [SIM-utils-43] Exported 'C:/Users/acer/Desktop/thinpad_top/thinpad_top.sim/sim_1/behav/xsim/CFImemory64Mb_top.mem'
INFO: [SIM-utils-43] Exported 'C:/Users/acer/Desktop/thinpad_top/thinpad_top.sim/sim_1/behav/xsim/CFImemory64Mb_bottom.mem'
INFO: [USF-XSim-97] Finding global include files...
INFO: [USF-XSim-100] Fetching design files from 'sources_1'...(this may take a while)...
INFO: [USF-XSim-101] Fetching design files from 'sim_1'...
INFO: [USF-XSim-2] XSim::Compile design
INFO: [USF-XSim-61] Executing 'COMPILE and ANALYZE' step in 'C:/Users/acer/Desktop/thinpad_top/thinpad_top.sim/sim_1/behav/xsim'
"xvlog --incr --relax -prj tb_vlog.prj"
INFO: [VRFC 10-2263] Analyzing Verilog file "C:/Users/acer/Desktop/thinpad_top/thinpad_top.srcs/sources_1/ip/pll_example/pll_example_sim_netlist.v" into library xil_defaultlib
INFO: [VRFC 10-311] analyzing module pll_example
INFO: [VRFC 10-311] analyzing module pll_example_pll_example_clk_wiz
INFO: [VRFC 10-311] analyzing module glbl
INFO: [VRFC 10-2263] Analyzing Verilog file "C:/Users/acer/Desktop/thinpad_top/thinpad_top.srcs/sources_1/new/SEG7_LUT.v" into library xil_defaultlib
INFO: [VRFC 10-311] analyzing module SEG7_LUT
INFO: [VRFC 10-2263] Analyzing Verilog file "C:/Users/acer/Desktop/thinpad_top/thinpad_top.srcs/sources_1/new/async.v" into library xil_defaultlib
INFO: [VRFC 10-311] analyzing module async_transmitter
INFO: [VRFC 10-311] analyzing module async_receiver
INFO: [VRFC 10-311] analyzing module ASSERTION_ERROR
INFO: [VRFC 10-311] analyzing module BaudTickGen
INFO: [VRFC 10-2263] Analyzing Verilog file "C:/Users/acer/Desktop/thinpad_top/thinpad_top.srcs/sources_1/new/vga.v" into library xil_defaultlib
INFO: [VRFC 10-311] analyzing module vga
INFO: [VRFC 10-2263] Analyzing Verilog file "C:/Users/acer/Desktop/thinpad_top/thinpad_top.srcs/sources_1/new/InstMEM.v" into library xil_defaultlib
INFO: [VRFC 10-311] analyzing module InstMEM
INFO: [VRFC 10-2263] Analyzing Verilog file "C:/Users/acer/Desktop/thinpad_top/thinpad_top.srcs/sources_1/new/ALU.v" into library xil_defaultlib
INFO: [VRFC 10-311] analyzing module ALU
WARNING: [VRFC 10-2096] empty statement in sequential block [C:/Users/acer/Desktop/thinpad_top/thinpad_top.srcs/sources_1/new/ALU.v:27]
INFO: [VRFC 10-2263] Analyzing Verilog file "C:/Users/acer/Desktop/thinpad_top/thinpad_top.srcs/sources_1/new/ControlUnit.v" into library xil_defaultlib
INFO: [VRFC 10-311] analyzing module ControlUnit
INFO: [VRFC 10-2263] Analyzing Verilog file "C:/Users/acer/Desktop/thinpad_top/thinpad_top.srcs/sources_1/new/Extend.v" into library xil_defaultlib
INFO: [VRFC 10-311] analyzing module Extend
INFO: [VRFC 10-2263] Analyzing Verilog file "C:/Users/acer/Desktop/thinpad_top/thinpad_top.srcs/sources_1/new/Register.v" into library xil_defaultlib
INFO: [VRFC 10-311] analyzing module Register
INFO: [VRFC 10-2263] Analyzing Verilog file "C:/Users/acer/Desktop/thinpad_top/thinpad_top.srcs/sources_1/new/DataMem.v" into library xil_defaultlib
INFO: [VRFC 10-311] analyzing module DataMem
INFO: [VRFC 10-2263] Analyzing Verilog file "C:/Users/acer/Desktop/thinpad_top/thinpad_top.srcs/sources_1/new/PC.v" into library xil_defaultlib
INFO: [VRFC 10-311] analyzing module PC
INFO: [VRFC 10-2263] Analyzing Verilog file "C:/Users/acer/Desktop/thinpad_top/thinpad_top.srcs/sources_1/new/thinpad_top.v" into library xil_defaultlib
INFO: [VRFC 10-311] analyzing module thinpad_top
INFO: [VRFC 10-2263] Analyzing Verilog file "C:/Users/acer/Desktop/thinpad_top/thinpad_top.srcs/sources_1/new/MUX32.v" into library xil_defaultlib
INFO: [VRFC 10-311] analyzing module MUX32
INFO: [VRFC 10-2263] Analyzing Verilog file "C:/Users/acer/Desktop/thinpad_top/thinpad_top.srcs/sources_1/new/MUX5.v" into library xil_defaultlib
INFO: [VRFC 10-311] analyzing module MUX5
INFO: [VRFC 10-2263] Analyzing Verilog file "C:/Users/acer/Desktop/thinpad_top/thinpad_top.srcs/sources_1/new/IF2ID.v" into library xil_defaultlib
INFO: [VRFC 10-311] analyzing module IF2ID
INFO: [VRFC 10-2263] Analyzing Verilog file "C:/Users/acer/Desktop/thinpad_top/thinpad_top.srcs/sources_1/new/EX2MEM.v" into library xil_defaultlib
INFO: [VRFC 10-311] analyzing module EX2MEM
INFO: [VRFC 10-2263] Analyzing Verilog file "C:/Users/acer/Desktop/thinpad_top/thinpad_top.srcs/sources_1/new/MEM2WB.v" into library xil_defaultlib
INFO: [VRFC 10-311] analyzing module MEM2WB
INFO: [VRFC 10-2263] Analyzing Verilog file "C:/Users/acer/Desktop/thinpad_top/thinpad_top.srcs/sources_1/new/ID2EX.v" into library xil_defaultlib
INFO: [VRFC 10-311] analyzing module ID2EX
INFO: [VRFC 10-2263] Analyzing Verilog file "C:/Users/acer/Desktop/thinpad_top/thinpad_top.srcs/sources_1/new/MUX_ALU.v" into library xil_defaultlib
INFO: [VRFC 10-311] analyzing module MUX_ALU
INFO: [VRFC 10-2263] Analyzing Verilog file "C:/Users/acer/Desktop/thinpad_top/thinpad_top.srcs/sources_1/new/Forward.v" into library xil_defaultlib
INFO: [VRFC 10-311] analyzing module Forward
INFO: [VRFC 10-2263] Analyzing Verilog file "C:/Users/acer/Desktop/thinpad_top/thinpad_top.sim/sim_1/behav/xsim/glbl.v" into library xil_defaultlib
INFO: [VRFC 10-311] analyzing module glbl
WARNING: [VRFC 10-2845] overwriting previous definition of module glbl [C:/Users/acer/Desktop/thinpad_top/thinpad_top.sim/sim_1/behav/xsim/glbl.v:6]
run_program: Time (s): cpu = 00:00:00 ; elapsed = 00:00:05 . Memory (MB): peak = 996.258 ; gain = 0.000
INFO: [USF-XSim-69] 'compile' step finished in '5' seconds
INFO: [USF-XSim-3] XSim::Elaborate design
INFO: [USF-XSim-61] Executing 'ELABORATE' step in 'C:/Users/acer/Desktop/thinpad_top/thinpad_top.sim/sim_1/behav/xsim'
Vivado Simulator 2018.2
Copyright 1986-1999, 2001-2018 Xilinx, Inc. All Rights Reserved.
Running: E:/Vivado/Vivado/2018.2/bin/unwrapped/win64.o/xelab.exe -wto 1e0777dd008c45fcbaffd6b18f2c35e9 --incr --debug typical --relax --mt 2 -L xil_defaultlib -L unisims_ver -L unimacro_ver -L secureip -L xpm --snapshot tb_behav xil_defaultlib.tb xil_defaultlib.glbl -log elaborate.log 
Using 2 slave threads.
Starting static elaboration
Completed static elaboration
Starting simulation data flow analysis
Completed simulation data flow analysis
Time Resolution for simulation is 1ps
Compiling module xil_defaultlib.PC
Compiling module xil_defaultlib.InstMEM
Compiling module xil_defaultlib.IF2ID
Compiling module xil_defaultlib.ControlUnit
Compiling module xil_defaultlib.Register
Compiling module xil_defaultlib.Extend
Compiling module xil_defaultlib.ID2EX
Compiling module xil_defaultlib.MUX_ALU
Compiling module xil_defaultlib.ALU
Compiling module xil_defaultlib.MUX5
Compiling module xil_defaultlib.EX2MEM
Compiling module xil_defaultlib.DataMem
Compiling module xil_defaultlib.MEM2WB
Compiling module xil_defaultlib.MUX32
Compiling module xil_defaultlib.Forward
Compiling module xil_defaultlib.thinpad_top
Compiling module xil_defaultlib.tb
Compiling module xil_defaultlib.glbl
Built simulation snapshot tb_behav
INFO: [USF-XSim-69] 'elaborate' step finished in '5' seconds
INFO: [USF-XSim-4] XSim::Simulate design
INFO: [USF-XSim-61] Executing 'SIMULATE' step in 'C:/Users/acer/Desktop/thinpad_top/thinpad_top.sim/sim_1/behav/xsim'
INFO: [USF-XSim-98] *** Running xsim
   with args "tb_behav -key {Behavioral:sim_1:Functional:tb} -tclbatch {tb.tcl} -log {simulate.log}"
INFO: [USF-XSim-8] Loading simulator feature
Vivado Simulator 2018.2
Time resolution is 1 ps
source tb.tcl
# set curr_wave [current_wave_config]
# if { [string length $curr_wave] == 0 } {
#   if { [llength [get_objects]] > 0} {
#     add_wave /
#     set_property needs_save false [current_wave_config]
#   } else {
#      send_msg_id Add_Wave-1 WARNING "No top level signals found. Simulator will start without a wave window. If you want to open a wave window go to 'File->New Waveform Configuration' or type 'create_wave_config' in the TCL console."
#   }
# }
# run 100us
24000007
00000821
00011021
30430006
00430821
00222027
00442025
34000010
xxxxxxxx
xxxxxxxx
xxxxxxxx
xxxxxxxx
xxxxxxxx
xxxxxxxx
xxxxxxxx
xxxxxxxx
xxxxxxxx
xxxxxxxx
xxxxxxxx
xxxxxxxx
xxxxxxxx
xxxxxxxx
xxxxxxxx
xxxxxxxx
FATAL_ERROR: Iteration limit 10000 is reached. Possible zero delay oscillation detected where simulation time can not advance. Please check your source code. Note that the iteration limit can be changed using switch -maxdeltaid.
Time: 1300 ns  Iteration: 10000
INFO: [USF-XSim-96] XSim completed. Design snapshot 'tb_behav' loaded.
INFO: [USF-XSim-97] XSim simulation ran for 100us
launch_simulation: Time (s): cpu = 00:00:06 ; elapsed = 00:00:14 . Memory (MB): peak = 996.258 ; gain = 0.000
close_sim
INFO: [Simtcl 6-16] Simulation closed
launch_simulation
INFO: [Vivado 12-5698] Checking validity of IPs in the design for the 'XSim' simulator...
INFO: [Vivado 12-5682] Launching behavioral simulation in 'C:/Users/acer/Desktop/thinpad_top/thinpad_top.sim/sim_1/behav/xsim'
INFO: [Vivado 12-4795] Using compiled simulation libraries for IPs
INFO: [SIM-utils-51] Simulation object is 'sim_1'
INFO: [USF-XSim-7] Finding pre-compiled libraries...
INFO: [USF-XSim-11] File 'E:/Vivado/Vivado/2018.2/data/xsim/xsim.ini' copied to run dir:'C:/Users/acer/Desktop/thinpad_top/thinpad_top.sim/sim_1/behav/xsim'
INFO: [SIM-utils-54] Inspecting design source files for 'tb' in fileset 'sim_1'...
INFO: [SIM-utils-43] Exported 'C:/Users/acer/Desktop/thinpad_top/thinpad_top.sim/sim_1/behav/xsim/CFImemory64Mb_top.mem'
INFO: [SIM-utils-43] Exported 'C:/Users/acer/Desktop/thinpad_top/thinpad_top.sim/sim_1/behav/xsim/CFImemory64Mb_bottom.mem'
INFO: [SIM-utils-43] Exported 'C:/Users/acer/Desktop/thinpad_top/thinpad_top.sim/sim_1/behav/xsim/CFImemory64Mb_top.mem'
INFO: [SIM-utils-43] Exported 'C:/Users/acer/Desktop/thinpad_top/thinpad_top.sim/sim_1/behav/xsim/CFImemory64Mb_bottom.mem'
INFO: [USF-XSim-97] Finding global include files...
INFO: [USF-XSim-100] Fetching design files from 'sources_1'...(this may take a while)...
INFO: [USF-XSim-101] Fetching design files from 'sim_1'...
INFO: [USF-XSim-2] XSim::Compile design
INFO: [USF-XSim-61] Executing 'COMPILE and ANALYZE' step in 'C:/Users/acer/Desktop/thinpad_top/thinpad_top.sim/sim_1/behav/xsim'
"xvlog --incr --relax -prj tb_vlog.prj"
INFO: [VRFC 10-2263] Analyzing Verilog file "C:/Users/acer/Desktop/thinpad_top/thinpad_top.srcs/sources_1/ip/pll_example/pll_example_sim_netlist.v" into library xil_defaultlib
INFO: [VRFC 10-311] analyzing module pll_example
INFO: [VRFC 10-311] analyzing module pll_example_pll_example_clk_wiz
INFO: [VRFC 10-311] analyzing module glbl
INFO: [VRFC 10-2263] Analyzing Verilog file "C:/Users/acer/Desktop/thinpad_top/thinpad_top.srcs/sources_1/new/SEG7_LUT.v" into library xil_defaultlib
INFO: [VRFC 10-311] analyzing module SEG7_LUT
INFO: [VRFC 10-2263] Analyzing Verilog file "C:/Users/acer/Desktop/thinpad_top/thinpad_top.srcs/sources_1/new/async.v" into library xil_defaultlib
INFO: [VRFC 10-311] analyzing module async_transmitter
INFO: [VRFC 10-311] analyzing module async_receiver
INFO: [VRFC 10-311] analyzing module ASSERTION_ERROR
INFO: [VRFC 10-311] analyzing module BaudTickGen
INFO: [VRFC 10-2263] Analyzing Verilog file "C:/Users/acer/Desktop/thinpad_top/thinpad_top.srcs/sources_1/new/vga.v" into library xil_defaultlib
INFO: [VRFC 10-311] analyzing module vga
INFO: [VRFC 10-2263] Analyzing Verilog file "C:/Users/acer/Desktop/thinpad_top/thinpad_top.srcs/sources_1/new/InstMEM.v" into library xil_defaultlib
INFO: [VRFC 10-311] analyzing module InstMEM
INFO: [VRFC 10-2263] Analyzing Verilog file "C:/Users/acer/Desktop/thinpad_top/thinpad_top.srcs/sources_1/new/ALU.v" into library xil_defaultlib
INFO: [VRFC 10-311] analyzing module ALU
WARNING: [VRFC 10-2096] empty statement in sequential block [C:/Users/acer/Desktop/thinpad_top/thinpad_top.srcs/sources_1/new/ALU.v:27]
INFO: [VRFC 10-2263] Analyzing Verilog file "C:/Users/acer/Desktop/thinpad_top/thinpad_top.srcs/sources_1/new/ControlUnit.v" into library xil_defaultlib
INFO: [VRFC 10-311] analyzing module ControlUnit
INFO: [VRFC 10-2263] Analyzing Verilog file "C:/Users/acer/Desktop/thinpad_top/thinpad_top.srcs/sources_1/new/Extend.v" into library xil_defaultlib
INFO: [VRFC 10-311] analyzing module Extend
INFO: [VRFC 10-2263] Analyzing Verilog file "C:/Users/acer/Desktop/thinpad_top/thinpad_top.srcs/sources_1/new/Register.v" into library xil_defaultlib
INFO: [VRFC 10-311] analyzing module Register
INFO: [VRFC 10-2263] Analyzing Verilog file "C:/Users/acer/Desktop/thinpad_top/thinpad_top.srcs/sources_1/new/DataMem.v" into library xil_defaultlib
INFO: [VRFC 10-311] analyzing module DataMem
INFO: [VRFC 10-2263] Analyzing Verilog file "C:/Users/acer/Desktop/thinpad_top/thinpad_top.srcs/sources_1/new/PC.v" into library xil_defaultlib
INFO: [VRFC 10-311] analyzing module PC
INFO: [VRFC 10-2263] Analyzing Verilog file "C:/Users/acer/Desktop/thinpad_top/thinpad_top.srcs/sources_1/new/thinpad_top.v" into library xil_defaultlib
INFO: [VRFC 10-311] analyzing module thinpad_top
INFO: [VRFC 10-2263] Analyzing Verilog file "C:/Users/acer/Desktop/thinpad_top/thinpad_top.srcs/sources_1/new/MUX32.v" into library xil_defaultlib
INFO: [VRFC 10-311] analyzing module MUX32
INFO: [VRFC 10-2263] Analyzing Verilog file "C:/Users/acer/Desktop/thinpad_top/thinpad_top.srcs/sources_1/new/MUX5.v" into library xil_defaultlib
INFO: [VRFC 10-311] analyzing module MUX5
INFO: [VRFC 10-2263] Analyzing Verilog file "C:/Users/acer/Desktop/thinpad_top/thinpad_top.srcs/sources_1/new/IF2ID.v" into library xil_defaultlib
INFO: [VRFC 10-311] analyzing module IF2ID
INFO: [VRFC 10-2263] Analyzing Verilog file "C:/Users/acer/Desktop/thinpad_top/thinpad_top.srcs/sources_1/new/EX2MEM.v" into library xil_defaultlib
INFO: [VRFC 10-311] analyzing module EX2MEM
INFO: [VRFC 10-2263] Analyzing Verilog file "C:/Users/acer/Desktop/thinpad_top/thinpad_top.srcs/sources_1/new/MEM2WB.v" into library xil_defaultlib
INFO: [VRFC 10-311] analyzing module MEM2WB
INFO: [VRFC 10-2263] Analyzing Verilog file "C:/Users/acer/Desktop/thinpad_top/thinpad_top.srcs/sources_1/new/ID2EX.v" into library xil_defaultlib
INFO: [VRFC 10-311] analyzing module ID2EX
INFO: [VRFC 10-2263] Analyzing Verilog file "C:/Users/acer/Desktop/thinpad_top/thinpad_top.srcs/sources_1/new/MUX_ALU.v" into library xil_defaultlib
INFO: [VRFC 10-311] analyzing module MUX_ALU
INFO: [VRFC 10-2263] Analyzing Verilog file "C:/Users/acer/Desktop/thinpad_top/thinpad_top.srcs/sources_1/new/Forward.v" into library xil_defaultlib
INFO: [VRFC 10-311] analyzing module Forward
INFO: [USF-XSim-69] 'compile' step finished in '3' seconds
INFO: [USF-XSim-3] XSim::Elaborate design
INFO: [USF-XSim-61] Executing 'ELABORATE' step in 'C:/Users/acer/Desktop/thinpad_top/thinpad_top.sim/sim_1/behav/xsim'
Vivado Simulator 2018.2
Copyright 1986-1999, 2001-2018 Xilinx, Inc. All Rights Reserved.
Running: E:/Vivado/Vivado/2018.2/bin/unwrapped/win64.o/xelab.exe -wto 1e0777dd008c45fcbaffd6b18f2c35e9 --incr --debug typical --relax --mt 2 -L xil_defaultlib -L unisims_ver -L unimacro_ver -L secureip -L xpm --snapshot tb_behav xil_defaultlib.tb xil_defaultlib.glbl -log elaborate.log 
Using 2 slave threads.
Starting static elaboration
Completed static elaboration
Starting simulation data flow analysis
Completed simulation data flow analysis
Time Resolution for simulation is 1ps
Compiling module xil_defaultlib.PC
Compiling module xil_defaultlib.InstMEM
Compiling module xil_defaultlib.IF2ID
Compiling module xil_defaultlib.ControlUnit
Compiling module xil_defaultlib.Register
Compiling module xil_defaultlib.Extend
Compiling module xil_defaultlib.ID2EX
Compiling module xil_defaultlib.MUX_ALU
Compiling module xil_defaultlib.ALU
Compiling module xil_defaultlib.MUX5
Compiling module xil_defaultlib.EX2MEM
Compiling module xil_defaultlib.DataMem
Compiling module xil_defaultlib.MEM2WB
Compiling module xil_defaultlib.MUX32
Compiling module xil_defaultlib.Forward
Compiling module xil_defaultlib.thinpad_top
Compiling module xil_defaultlib.tb
Compiling module xil_defaultlib.glbl
Built simulation snapshot tb_behav
run_program: Time (s): cpu = 00:00:00 ; elapsed = 00:00:05 . Memory (MB): peak = 996.258 ; gain = 0.000
INFO: [USF-XSim-69] 'elaborate' step finished in '6' seconds
INFO: [USF-XSim-4] XSim::Simulate design
INFO: [USF-XSim-61] Executing 'SIMULATE' step in 'C:/Users/acer/Desktop/thinpad_top/thinpad_top.sim/sim_1/behav/xsim'
INFO: [USF-XSim-98] *** Running xsim
   with args "tb_behav -key {Behavioral:sim_1:Functional:tb} -tclbatch {tb.tcl} -log {simulate.log}"
INFO: [USF-XSim-8] Loading simulator feature
Vivado Simulator 2018.2
Time resolution is 1 ps
source tb.tcl
# set curr_wave [current_wave_config]
# if { [string length $curr_wave] == 0 } {
#   if { [llength [get_objects]] > 0} {
#     add_wave /
#     set_property needs_save false [current_wave_config]
#   } else {
#      send_msg_id Add_Wave-1 WARNING "No top level signals found. Simulator will start without a wave window. If you want to open a wave window go to 'File->New Waveform Configuration' or type 'create_wave_config' in the TCL console."
#   }
# }
# run 100us
24000007
00000821
00011021
30430006
00430821
00222027
00442025
34000010
xxxxxxxx
xxxxxxxx
xxxxxxxx
xxxxxxxx
xxxxxxxx
xxxxxxxx
xxxxxxxx
xxxxxxxx
xxxxxxxx
xxxxxxxx
xxxxxxxx
xxxxxxxx
xxxxxxxx
xxxxxxxx
xxxxxxxx
xxxxxxxx
FATAL_ERROR: Iteration limit 10000 is reached. Possible zero delay oscillation detected where simulation time can not advance. Please check your source code. Note that the iteration limit can be changed using switch -maxdeltaid.
Time: 1300 ns  Iteration: 10000
INFO: [USF-XSim-96] XSim completed. Design snapshot 'tb_behav' loaded.
INFO: [USF-XSim-97] XSim simulation ran for 100us
launch_simulation: Time (s): cpu = 00:00:10 ; elapsed = 00:00:14 . Memory (MB): peak = 996.258 ; gain = 0.000
close_sim
INFO: [Simtcl 6-16] Simulation closed
launch_simulation
INFO: [Vivado 12-5698] Checking validity of IPs in the design for the 'XSim' simulator...
INFO: [Vivado 12-5682] Launching behavioral simulation in 'C:/Users/acer/Desktop/thinpad_top/thinpad_top.sim/sim_1/behav/xsim'
INFO: [Vivado 12-4795] Using compiled simulation libraries for IPs
INFO: [SIM-utils-51] Simulation object is 'sim_1'
INFO: [USF-XSim-7] Finding pre-compiled libraries...
INFO: [USF-XSim-11] File 'E:/Vivado/Vivado/2018.2/data/xsim/xsim.ini' copied to run dir:'C:/Users/acer/Desktop/thinpad_top/thinpad_top.sim/sim_1/behav/xsim'
INFO: [SIM-utils-54] Inspecting design source files for 'tb' in fileset 'sim_1'...
INFO: [SIM-utils-43] Exported 'C:/Users/acer/Desktop/thinpad_top/thinpad_top.sim/sim_1/behav/xsim/CFImemory64Mb_top.mem'
INFO: [SIM-utils-43] Exported 'C:/Users/acer/Desktop/thinpad_top/thinpad_top.sim/sim_1/behav/xsim/CFImemory64Mb_bottom.mem'
INFO: [SIM-utils-43] Exported 'C:/Users/acer/Desktop/thinpad_top/thinpad_top.sim/sim_1/behav/xsim/CFImemory64Mb_top.mem'
INFO: [SIM-utils-43] Exported 'C:/Users/acer/Desktop/thinpad_top/thinpad_top.sim/sim_1/behav/xsim/CFImemory64Mb_bottom.mem'
INFO: [USF-XSim-97] Finding global include files...
INFO: [USF-XSim-100] Fetching design files from 'sources_1'...(this may take a while)...
INFO: [USF-XSim-101] Fetching design files from 'sim_1'...
INFO: [USF-XSim-2] XSim::Compile design
INFO: [USF-XSim-61] Executing 'COMPILE and ANALYZE' step in 'C:/Users/acer/Desktop/thinpad_top/thinpad_top.sim/sim_1/behav/xsim'
"xvlog --incr --relax -prj tb_vlog.prj"
INFO: [VRFC 10-2263] Analyzing Verilog file "C:/Users/acer/Desktop/thinpad_top/thinpad_top.srcs/sources_1/new/MUX_ALU.v" into library xil_defaultlib
INFO: [VRFC 10-311] analyzing module MUX_ALU
INFO: [VRFC 10-2263] Analyzing Verilog file "C:/Users/acer/Desktop/thinpad_top/thinpad_top.srcs/sources_1/new/Forward.v" into library xil_defaultlib
INFO: [VRFC 10-311] analyzing module Forward
INFO: [VRFC 10-2263] Analyzing SystemVerilog file "C:/Users/acer/Desktop/thinpad_top/thinpad_top.srcs/sim_1/new/test.sv" into library xil_defaultlib
INFO: [VRFC 10-311] analyzing module tb
INFO: [VRFC 10-2263] Analyzing Verilog file "C:/Users/acer/Desktop/thinpad_top/thinpad_top.sim/sim_1/behav/xsim/glbl.v" into library xil_defaultlib
INFO: [VRFC 10-311] analyzing module glbl
INFO: [USF-XSim-69] 'compile' step finished in '3' seconds
INFO: [USF-XSim-3] XSim::Elaborate design
INFO: [USF-XSim-61] Executing 'ELABORATE' step in 'C:/Users/acer/Desktop/thinpad_top/thinpad_top.sim/sim_1/behav/xsim'
Vivado Simulator 2018.2
Copyright 1986-1999, 2001-2018 Xilinx, Inc. All Rights Reserved.
Running: E:/Vivado/Vivado/2018.2/bin/unwrapped/win64.o/xelab.exe -wto 1e0777dd008c45fcbaffd6b18f2c35e9 --incr --debug typical --relax --mt 2 -L xil_defaultlib -L unisims_ver -L unimacro_ver -L secureip -L xpm --snapshot tb_behav xil_defaultlib.tb xil_defaultlib.glbl -log elaborate.log 
Using 2 slave threads.
Starting static elaboration
Completed static elaboration
Starting simulation data flow analysis
WARNING: [XSIM 43-4099] "C:/Users/acer/Desktop/thinpad_top/thinpad_top.srcs/sources_1/new/MUX_ALU.v" Line 6. Module MUX_ALU doesn't have a timescale but at least one module in design has a timescale.
WARNING: [XSIM 43-4099] "C:/Users/acer/Desktop/thinpad_top/thinpad_top.srcs/sources_1/new/MUX_ALU.v" Line 6. Module MUX_ALU doesn't have a timescale but at least one module in design has a timescale.
WARNING: [XSIM 43-4099] "C:/Users/acer/Desktop/thinpad_top/thinpad_top.srcs/sources_1/new/Forward.v" Line 3. Module Forward doesn't have a timescale but at least one module in design has a timescale.
Completed simulation data flow analysis
Time Resolution for simulation is 1ps
Compiling module xil_defaultlib.PC
Compiling module xil_defaultlib.InstMEM
Compiling module xil_defaultlib.IF2ID
Compiling module xil_defaultlib.ControlUnit
Compiling module xil_defaultlib.Register
Compiling module xil_defaultlib.Extend
Compiling module xil_defaultlib.ID2EX
Compiling module xil_defaultlib.MUX_ALU
Compiling module xil_defaultlib.ALU
Compiling module xil_defaultlib.MUX5
Compiling module xil_defaultlib.EX2MEM
Compiling module xil_defaultlib.DataMem
Compiling module xil_defaultlib.MEM2WB
Compiling module xil_defaultlib.MUX32
Compiling module xil_defaultlib.Forward
Compiling module xil_defaultlib.thinpad_top
Compiling module xil_defaultlib.tb
Compiling module xil_defaultlib.glbl
Built simulation snapshot tb_behav
INFO: [USF-XSim-69] 'elaborate' step finished in '3' seconds
INFO: [USF-XSim-4] XSim::Simulate design
INFO: [USF-XSim-61] Executing 'SIMULATE' step in 'C:/Users/acer/Desktop/thinpad_top/thinpad_top.sim/sim_1/behav/xsim'
INFO: [USF-XSim-98] *** Running xsim
   with args "tb_behav -key {Behavioral:sim_1:Functional:tb} -tclbatch {tb.tcl} -log {simulate.log}"
INFO: [USF-XSim-8] Loading simulator feature
Vivado Simulator 2018.2
Time resolution is 1 ps
source tb.tcl
# set curr_wave [current_wave_config]
# if { [string length $curr_wave] == 0 } {
#   if { [llength [get_objects]] > 0} {
#     add_wave /
#     set_property needs_save false [current_wave_config]
#   } else {
#      send_msg_id Add_Wave-1 WARNING "No top level signals found. Simulator will start without a wave window. If you want to open a wave window go to 'File->New Waveform Configuration' or type 'create_wave_config' in the TCL console."
#   }
# }
# run 100us
24000007
00000821
00011021
30430006
00430821
00222027
00442025
34000010
xxxxxxxx
xxxxxxxx
xxxxxxxx
xxxxxxxx
xxxxxxxx
xxxxxxxx
xxxxxxxx
xxxxxxxx
xxxxxxxx
xxxxxxxx
xxxxxxxx
xxxxxxxx
xxxxxxxx
xxxxxxxx
xxxxxxxx
xxxxxxxx
FATAL_ERROR: Iteration limit 10000 is reached. Possible zero delay oscillation detected where simulation time can not advance. Please check your source code. Note that the iteration limit can be changed using switch -maxdeltaid.
Time: 130 ns  Iteration: 10000
INFO: [USF-XSim-96] XSim completed. Design snapshot 'tb_behav' loaded.
INFO: [USF-XSim-97] XSim simulation ran for 100us
launch_simulation: Time (s): cpu = 00:00:05 ; elapsed = 00:00:09 . Memory (MB): peak = 996.258 ; gain = 0.000
close_sim
INFO: [Simtcl 6-16] Simulation closed
close_sim: Time (s): cpu = 00:00:03 ; elapsed = 00:00:05 . Memory (MB): peak = 996.258 ; gain = 0.000
exit
INFO: [Common 17-206] Exiting Vivado at Fri Nov 16 14:54:36 2018...
