#-----------------------------------------------------------
# Vivado v2018.2 (64-bit)
# SW Build 2258646 on Thu Jun 14 20:03:12 MDT 2018
# IP Build 2256618 on Thu Jun 14 22:10:49 MDT 2018
# Start of session at: Tue Oct 16 09:03:38 2018
# Process ID: 6696
# Current directory: C:/Users/acer/Desktop/thinpad_top
# Command line: vivado.exe -gui_launcher_event rodinguilauncherevent8944 C:\Users\acer\Desktop\thinpad_top\thinpad_top.xpr
# Log file: C:/Users/acer/Desktop/thinpad_top/vivado.log
# Journal file: C:/Users/acer/Desktop/thinpad_top\vivado.jou
#-----------------------------------------------------------
start_gui
open_project C:/Users/acer/Desktop/thinpad_top/thinpad_top.xpr
INFO: [Project 1-313] Project file moved from '/home/zhang/Projects/thinpad_top' since last save.
Scanning sources...
Finished scanning sources
WARNING: [Project 1-509] GeneratedRun file for 'pll_example_synth_1' not found
WARNING: [filemgmt 56-2] IPUserFilesDir: Could not find the directory 'C:/Users/acer/Desktop/thinpad_top/thinpad_top.ip_user_files', nor could it be found using path 'C:/home/zhang/Projects/thinpad_top/thinpad_top.ip_user_files'.
INFO: [IP_Flow 19-234] Refreshing IP repositories
INFO: [IP_Flow 19-1704] No user IP repositories specified
INFO: [IP_Flow 19-2313] Loaded Vivado IP repository 'E:/Vivado/Vivado/2018.2/data/ip'.
WARNING: [IP_Flow 19-2162] IP 'pll_example' is locked:
* IP definition 'Clocking Wizard (6.0)' for IP 'pll_example' (customized with software release 2018.1) has a different revision in the IP Catalog.
Please select 'Report IP Status' from the 'Tools/Report' menu or run Tcl command 'report_ip_status' for more information.
INFO: [Project 1-230] Project 'thinpad_top.xpr' upgraded for this version of Vivado.
update_compile_order -fileset sources_1
update_compile_order -fileset sim_1
launch_runs impl_1 -jobs 2
[Tue Oct 16 09:04:13 2018] Launched synth_1...
Run output will be captured here: C:/Users/acer/Desktop/thinpad_top/thinpad_top.runs/synth_1/runme.log
[Tue Oct 16 09:04:13 2018] Launched impl_1...
Run output will be captured here: C:/Users/acer/Desktop/thinpad_top/thinpad_top.runs/impl_1/runme.log
reset_run synth_1
update_compile_order -fileset sources_1
update_compile_order -fileset sources_1
launch_runs impl_1 -jobs 2
[Tue Oct 16 09:06:19 2018] Launched synth_1...
Run output will be captured here: C:/Users/acer/Desktop/thinpad_top/thinpad_top.runs/synth_1/runme.log
[Tue Oct 16 09:06:19 2018] Launched impl_1...
Run output will be captured here: C:/Users/acer/Desktop/thinpad_top/thinpad_top.runs/impl_1/runme.log
launch_runs impl_1 -to_step write_bitstream -jobs 2
[Tue Oct 16 09:09:41 2018] Launched impl_1...
Run output will be captured here: C:/Users/acer/Desktop/thinpad_top/thinpad_top.runs/impl_1/runme.log
open_run impl_1
INFO: [Netlist 29-17] Analyzing 7 Unisim elements for replacement
INFO: [Netlist 29-28] Unisim Transformation completed in 0 CPU seconds
INFO: [Project 1-479] Netlist was created with Vivado 2018.2
INFO: [Device 21-403] Loading part xc7a100tfgg676-2L
INFO: [Project 1-570] Preparing netlist for logic optimization
INFO: [Timing 38-478] Restoring timing data from binary archive.
INFO: [Timing 38-479] Binary timing data restore complete.
INFO: [Project 1-856] Restoring constraints from binary archive.
INFO: [Project 1-853] Binary constraint restore complete.
Reading XDEF placement.
Reading placer database...
Reading XDEF routing.
Read XDEF File: Time (s): cpu = 00:00:00 ; elapsed = 00:00:00.052 . Memory (MB): peak = 1646.496 ; gain = 0.000
Restored from archive | CPU: 0.000000 secs | Memory: 0.000000 MB |
Finished XDEF File Restore: Time (s): cpu = 00:00:00 ; elapsed = 00:00:00.052 . Memory (MB): peak = 1646.496 ; gain = 0.000
INFO: [Project 1-111] Unisim Transformation Summary:
No Unisim elements were transformed.

open_run: Time (s): cpu = 00:00:32 ; elapsed = 00:00:26 . Memory (MB): peak = 1757.895 ; gain = 902.094
WARNING: [Timing 38-313] There are no user specified timing constraints. Timing constraints are needed for proper timing analysis.
set_property STEPS.WRITE_BITSTREAM.TCL.PRE C:/Users/acer/Desktop/thinpad_top/build.tcl [get_runs impl_1]
reset_run impl_1 -prev_step 
launch_runs impl_1 -to_step write_bitstream -jobs 2
[Tue Oct 16 09:17:38 2018] Launched impl_1...
Run output will be captured here: C:/Users/acer/Desktop/thinpad_top/thinpad_top.runs/impl_1/runme.log
reset_run synth_1
set_property STEPS.WRITE_BITSTREAM.TCL.PRE {} [get_runs impl_1]
launch_runs impl_1 -to_step write_bitstream -jobs 2
[Tue Oct 16 09:23:10 2018] Launched synth_1...
Run output will be captured here: C:/Users/acer/Desktop/thinpad_top/thinpad_top.runs/synth_1/runme.log
[Tue Oct 16 09:23:10 2018] Launched impl_1...
Run output will be captured here: C:/Users/acer/Desktop/thinpad_top/thinpad_top.runs/impl_1/runme.log
set_property top thinpad_top [current_fileset]
update_compile_order -fileset sources_1
reset_run synth_1
launch_runs impl_1 -jobs 2
[Tue Oct 16 09:24:21 2018] Launched synth_1...
Run output will be captured here: C:/Users/acer/Desktop/thinpad_top/thinpad_top.runs/synth_1/runme.log
[Tue Oct 16 09:24:21 2018] Launched impl_1...
Run output will be captured here: C:/Users/acer/Desktop/thinpad_top/thinpad_top.runs/impl_1/runme.log
reset_run synth_1
launch_runs impl_1 -jobs 2
[Tue Oct 16 09:27:18 2018] Launched synth_1...
Run output will be captured here: C:/Users/acer/Desktop/thinpad_top/thinpad_top.runs/synth_1/runme.log
[Tue Oct 16 09:27:18 2018] Launched impl_1...
Run output will be captured here: C:/Users/acer/Desktop/thinpad_top/thinpad_top.runs/impl_1/runme.log
exit
INFO: [Common 17-206] Exiting Vivado at Tue Oct 16 09:27:39 2018...
