#-----------------------------------------------------------
# Vivado v2018.2 (64-bit)
# SW Build 2258646 on Thu Jun 14 20:03:12 MDT 2018
# IP Build 2256618 on Thu Jun 14 22:10:49 MDT 2018
# Start of session at: Fri Nov  2 11:58:12 2018
# Process ID: 7964
# Current directory: C:/Users/acer/Desktop/thinpad_top
# Command line: vivado.exe -gui_launcher_event rodinguilauncherevent5860 C:\Users\acer\Desktop\thinpad_top\thinpad_top.xpr
# Log file: C:/Users/acer/Desktop/thinpad_top/vivado.log
# Journal file: C:/Users/acer/Desktop/thinpad_top\vivado.jou
#-----------------------------------------------------------
start_gui
open_project C:/Users/acer/Desktop/thinpad_top/thinpad_top.xpr
CRITICAL WARNING: [Project 1-19] Could not find the file 'C:/Users/acer/Desktop/thinpad_top/thinpad_top.srcs/sim_1/imports/CFImemory64Mb_top.mem'.
CRITICAL WARNING: [Project 1-19] Could not find the file 'C:/Users/acer/Desktop/thinpad_top/thinpad_top.srcs/sim_1/imports/CFImemory64Mb_bottom.mem'.
Scanning sources...
Finished scanning sources
INFO: [IP_Flow 19-234] Refreshing IP repositories
INFO: [IP_Flow 19-1704] No user IP repositories specified
INFO: [IP_Flow 19-2313] Loaded Vivado IP repository 'E:/Vivado/Vivado/2018.2/data/ip'.
open_project: Time (s): cpu = 00:00:14 ; elapsed = 00:00:07 . Memory (MB): peak = 865.094 ; gain = 142.789
reset_run synth_1
launch_runs impl_1 -jobs 4
[Fri Nov  2 12:05:40 2018] Launched synth_1...
Run output will be captured here: C:/Users/acer/Desktop/thinpad_top/thinpad_top.runs/synth_1/runme.log
[Fri Nov  2 12:05:40 2018] Launched impl_1...
Run output will be captured here: C:/Users/acer/Desktop/thinpad_top/thinpad_top.runs/impl_1/runme.log
reset_run synth_1
launch_runs impl_1 -jobs 4
[Fri Nov  2 12:08:13 2018] Launched synth_1...
Run output will be captured here: C:/Users/acer/Desktop/thinpad_top/thinpad_top.runs/synth_1/runme.log
[Fri Nov  2 12:08:13 2018] Launched impl_1...
Run output will be captured here: C:/Users/acer/Desktop/thinpad_top/thinpad_top.runs/impl_1/runme.log
launch_simulation
INFO: [Vivado 12-5698] Checking validity of IPs in the design for the 'XSim' simulator...
INFO: [Vivado 12-5682] Launching behavioral simulation in 'C:/Users/acer/Desktop/thinpad_top/thinpad_top.sim/sim_1/behav/xsim'
INFO: [Vivado 12-4795] Using compiled simulation libraries for IPs
INFO: [SIM-utils-51] Simulation object is 'sim_1'
INFO: [USF-XSim-7] Finding pre-compiled libraries...
INFO: [USF-XSim-11] File 'E:/Vivado/Vivado/2018.2/data/xsim/xsim.ini' copied to run dir:'C:/Users/acer/Desktop/thinpad_top/thinpad_top.sim/sim_1/behav/xsim'
INFO: [SIM-utils-54] Inspecting design source files for 'tb' in fileset 'sim_1'...
INFO: [SIM-utils-43] Exported 'C:/Users/acer/Desktop/thinpad_top/thinpad_top.sim/sim_1/behav/xsim/CFImemory64Mb_top.mem'
INFO: [SIM-utils-43] Exported 'C:/Users/acer/Desktop/thinpad_top/thinpad_top.sim/sim_1/behav/xsim/CFImemory64Mb_bottom.mem'
INFO: [SIM-utils-43] Exported 'C:/Users/acer/Desktop/thinpad_top/thinpad_top.sim/sim_1/behav/xsim/CFImemory64Mb_top.mem'
INFO: [SIM-utils-43] Exported 'C:/Users/acer/Desktop/thinpad_top/thinpad_top.sim/sim_1/behav/xsim/CFImemory64Mb_bottom.mem'
INFO: [USF-XSim-97] Finding global include files...
INFO: [USF-XSim-100] Fetching design files from 'sources_1'...(this may take a while)...
INFO: [USF-XSim-101] Fetching design files from 'sim_1'...
INFO: [USF-XSim-2] XSim::Compile design
INFO: [USF-XSim-61] Executing 'COMPILE and ANALYZE' step in 'C:/Users/acer/Desktop/thinpad_top/thinpad_top.sim/sim_1/behav/xsim'
"xvlog --incr --relax -prj tb_vlog.prj"
INFO: [VRFC 10-2263] Analyzing Verilog file "C:/Users/acer/Desktop/thinpad_top/thinpad_top.srcs/sources_1/ip/pll_example/pll_example_sim_netlist.v" into library xil_defaultlib
INFO: [VRFC 10-311] analyzing module pll_example
INFO: [VRFC 10-311] analyzing module pll_example_pll_example_clk_wiz
INFO: [VRFC 10-311] analyzing module glbl
INFO: [VRFC 10-2263] Analyzing Verilog file "C:/Users/acer/Desktop/thinpad_top/thinpad_top.srcs/sources_1/new/SEG7_LUT.v" into library xil_defaultlib
INFO: [VRFC 10-311] analyzing module SEG7_LUT
INFO: [VRFC 10-2263] Analyzing Verilog file "C:/Users/acer/Desktop/thinpad_top/thinpad_top.srcs/sources_1/new/async.v" into library xil_defaultlib
INFO: [VRFC 10-311] analyzing module async_transmitter
INFO: [VRFC 10-311] analyzing module async_receiver
INFO: [VRFC 10-311] analyzing module ASSERTION_ERROR
INFO: [VRFC 10-311] analyzing module BaudTickGen
INFO: [VRFC 10-2263] Analyzing Verilog file "C:/Users/acer/Desktop/thinpad_top/thinpad_top.srcs/sources_1/new/vga.v" into library xil_defaultlib
INFO: [VRFC 10-311] analyzing module vga
INFO: [VRFC 10-2263] Analyzing Verilog file "C:/Users/acer/Desktop/thinpad_top/thinpad_top.srcs/sources_1/new/InstMEM.v" into library xil_defaultlib
INFO: [VRFC 10-311] analyzing module InstMEM
INFO: [VRFC 10-2263] Analyzing Verilog file "C:/Users/acer/Desktop/thinpad_top/thinpad_top.srcs/sources_1/new/ALU.v" into library xil_defaultlib
INFO: [VRFC 10-311] analyzing module ALU
INFO: [VRFC 10-2263] Analyzing Verilog file "C:/Users/acer/Desktop/thinpad_top/thinpad_top.srcs/sources_1/new/ControlUnit.v" into library xil_defaultlib
INFO: [VRFC 10-311] analyzing module ControlUnit
INFO: [VRFC 10-2263] Analyzing Verilog file "C:/Users/acer/Desktop/thinpad_top/thinpad_top.srcs/sources_1/new/Extend.v" into library xil_defaultlib
INFO: [VRFC 10-311] analyzing module Extend
INFO: [VRFC 10-2263] Analyzing Verilog file "C:/Users/acer/Desktop/thinpad_top/thinpad_top.srcs/sources_1/new/Register.v" into library xil_defaultlib
INFO: [VRFC 10-311] analyzing module Register
INFO: [VRFC 10-2263] Analyzing Verilog file "C:/Users/acer/Desktop/thinpad_top/thinpad_top.srcs/sources_1/new/DataMem.v" into library xil_defaultlib
INFO: [VRFC 10-311] analyzing module DataMem
INFO: [VRFC 10-2263] Analyzing Verilog file "C:/Users/acer/Desktop/thinpad_top/thinpad_top.srcs/sources_1/new/PC.v" into library xil_defaultlib
INFO: [VRFC 10-311] analyzing module PC
INFO: [VRFC 10-2263] Analyzing Verilog file "C:/Users/acer/Desktop/thinpad_top/thinpad_top.srcs/sources_1/new/thinpad_top.v" into library xil_defaultlib
INFO: [VRFC 10-311] analyzing module thinpad_top
INFO: [VRFC 10-2263] Analyzing Verilog file "C:/Users/acer/Desktop/thinpad_top/thinpad_top.srcs/sources_1/new/MUX32.v" into library xil_defaultlib
INFO: [VRFC 10-311] analyzing module MUX32
INFO: [VRFC 10-2263] Analyzing Verilog file "C:/Users/acer/Desktop/thinpad_top/thinpad_top.srcs/sources_1/new/MUX5.v" into library xil_defaultlib
INFO: [VRFC 10-311] analyzing module MUX5
INFO: [VRFC 10-2263] Analyzing Verilog file "C:/Users/acer/Desktop/thinpad_top/thinpad_top.sim/sim_1/behav/xsim/glbl.v" into library xil_defaultlib
INFO: [VRFC 10-311] analyzing module glbl
WARNING: [VRFC 10-2845] overwriting previous definition of module glbl [C:/Users/acer/Desktop/thinpad_top/thinpad_top.sim/sim_1/behav/xsim/glbl.v:6]
INFO: [USF-XSim-69] 'compile' step finished in '1' seconds
INFO: [USF-XSim-3] XSim::Elaborate design
INFO: [USF-XSim-61] Executing 'ELABORATE' step in 'C:/Users/acer/Desktop/thinpad_top/thinpad_top.sim/sim_1/behav/xsim'
Vivado Simulator 2018.2
Copyright 1986-1999, 2001-2018 Xilinx, Inc. All Rights Reserved.
Running: E:/Vivado/Vivado/2018.2/bin/unwrapped/win64.o/xelab.exe -wto 1e0777dd008c45fcbaffd6b18f2c35e9 --incr --debug typical --relax --mt 2 -L xil_defaultlib -L unisims_ver -L unimacro_ver -L secureip -L xpm --snapshot tb_behav xil_defaultlib.tb xil_defaultlib.glbl -log elaborate.log 
Using 2 slave threads.
Starting static elaboration
ERROR: [VRFC 10-426] cannot find port sign on this module [C:/Users/acer/Desktop/thinpad_top/thinpad_top.srcs/sim_1/new/test.sv:72]
ERROR: [VRFC 10-2063] Module <PC> not found while processing module instance <PC> [C:/Users/acer/Desktop/thinpad_top/thinpad_top.srcs/sources_1/new/thinpad_top.v:58]
ERROR: [VRFC 10-2063] Module <InstMEM> not found while processing module instance <InstMEM> [C:/Users/acer/Desktop/thinpad_top/thinpad_top.srcs/sources_1/new/thinpad_top.v:62]
ERROR: [VRFC 10-2063] Module <ControlUnit> not found while processing module instance <ControlUnit> [C:/Users/acer/Desktop/thinpad_top/thinpad_top.srcs/sources_1/new/thinpad_top.v:64]
ERROR: [VRFC 10-2063] Module <MUX5> not found while processing module instance <MUX_RegDst> [C:/Users/acer/Desktop/thinpad_top/thinpad_top.srcs/sources_1/new/thinpad_top.v:66]
ERROR: [VRFC 10-2063] Module <Register> not found while processing module instance <Register> [C:/Users/acer/Desktop/thinpad_top/thinpad_top.srcs/sources_1/new/thinpad_top.v:68]
ERROR: [VRFC 10-2063] Module <Extend> not found while processing module instance <Extend> [C:/Users/acer/Desktop/thinpad_top/thinpad_top.srcs/sources_1/new/thinpad_top.v:70]
ERROR: [VRFC 10-2063] Module <MUX32> not found while processing module instance <MUX_ALUSrc> [C:/Users/acer/Desktop/thinpad_top/thinpad_top.srcs/sources_1/new/thinpad_top.v:72]
ERROR: [VRFC 10-2063] Module <DataMem> not found while processing module instance <DataMem> [C:/Users/acer/Desktop/thinpad_top/thinpad_top.srcs/sources_1/new/thinpad_top.v:74]
ERROR: [VRFC 10-2063] Module <ALU> not found while processing module instance <ALU> [C:/Users/acer/Desktop/thinpad_top/thinpad_top.srcs/sources_1/new/thinpad_top.v:82]
ERROR: [XSIM 43-3322] Static elaboration of top level Verilog design unit(s) in library work failed.
INFO: [USF-XSim-69] 'elaborate' step finished in '1' seconds
INFO: [USF-XSim-99] Step results log file:'C:/Users/acer/Desktop/thinpad_top/thinpad_top.sim/sim_1/behav/xsim/elaborate.log'
ERROR: [USF-XSim-62] 'elaborate' step failed with error(s). Please check the Tcl console output or 'C:/Users/acer/Desktop/thinpad_top/thinpad_top.sim/sim_1/behav/xsim/elaborate.log' file for more information.
ERROR: [Vivado 12-4473] Detected error while running simulation. Please correct the issue and retry this operation.
ERROR: [Common 17-39] 'launch_simulation' failed due to earlier errors.
launch_simulation
INFO: [Vivado 12-5698] Checking validity of IPs in the design for the 'XSim' simulator...
INFO: [Vivado 12-5682] Launching behavioral simulation in 'C:/Users/acer/Desktop/thinpad_top/thinpad_top.sim/sim_1/behav/xsim'
INFO: [Vivado 12-4795] Using compiled simulation libraries for IPs
INFO: [SIM-utils-51] Simulation object is 'sim_1'
INFO: [USF-XSim-7] Finding pre-compiled libraries...
INFO: [USF-XSim-11] File 'E:/Vivado/Vivado/2018.2/data/xsim/xsim.ini' copied to run dir:'C:/Users/acer/Desktop/thinpad_top/thinpad_top.sim/sim_1/behav/xsim'
INFO: [SIM-utils-54] Inspecting design source files for 'tb' in fileset 'sim_1'...
INFO: [SIM-utils-43] Exported 'C:/Users/acer/Desktop/thinpad_top/thinpad_top.sim/sim_1/behav/xsim/CFImemory64Mb_top.mem'
INFO: [SIM-utils-43] Exported 'C:/Users/acer/Desktop/thinpad_top/thinpad_top.sim/sim_1/behav/xsim/CFImemory64Mb_bottom.mem'
INFO: [SIM-utils-43] Exported 'C:/Users/acer/Desktop/thinpad_top/thinpad_top.sim/sim_1/behav/xsim/CFImemory64Mb_top.mem'
INFO: [SIM-utils-43] Exported 'C:/Users/acer/Desktop/thinpad_top/thinpad_top.sim/sim_1/behav/xsim/CFImemory64Mb_bottom.mem'
INFO: [USF-XSim-97] Finding global include files...
INFO: [USF-XSim-100] Fetching design files from 'sources_1'...(this may take a while)...
INFO: [USF-XSim-101] Fetching design files from 'sim_1'...
INFO: [USF-XSim-2] XSim::Compile design
INFO: [USF-XSim-61] Executing 'COMPILE and ANALYZE' step in 'C:/Users/acer/Desktop/thinpad_top/thinpad_top.sim/sim_1/behav/xsim'
"xvlog --incr --relax -prj tb_vlog.prj"
INFO: [VRFC 10-2263] Analyzing Verilog file "C:/Users/acer/Desktop/thinpad_top/thinpad_top.srcs/sources_1/ip/pll_example/pll_example_sim_netlist.v" into library xil_defaultlib
INFO: [VRFC 10-311] analyzing module pll_example
INFO: [VRFC 10-311] analyzing module pll_example_pll_example_clk_wiz
INFO: [VRFC 10-311] analyzing module glbl
INFO: [VRFC 10-2263] Analyzing Verilog file "C:/Users/acer/Desktop/thinpad_top/thinpad_top.srcs/sources_1/new/SEG7_LUT.v" into library xil_defaultlib
INFO: [VRFC 10-311] analyzing module SEG7_LUT
INFO: [VRFC 10-2263] Analyzing Verilog file "C:/Users/acer/Desktop/thinpad_top/thinpad_top.srcs/sources_1/new/async.v" into library xil_defaultlib
INFO: [VRFC 10-311] analyzing module async_transmitter
INFO: [VRFC 10-311] analyzing module async_receiver
INFO: [VRFC 10-311] analyzing module ASSERTION_ERROR
INFO: [VRFC 10-311] analyzing module BaudTickGen
INFO: [VRFC 10-2263] Analyzing Verilog file "C:/Users/acer/Desktop/thinpad_top/thinpad_top.srcs/sources_1/new/vga.v" into library xil_defaultlib
INFO: [VRFC 10-311] analyzing module vga
INFO: [VRFC 10-2263] Analyzing Verilog file "C:/Users/acer/Desktop/thinpad_top/thinpad_top.srcs/sources_1/new/InstMEM.v" into library xil_defaultlib
INFO: [VRFC 10-311] analyzing module InstMEM
INFO: [VRFC 10-2263] Analyzing Verilog file "C:/Users/acer/Desktop/thinpad_top/thinpad_top.srcs/sources_1/new/ALU.v" into library xil_defaultlib
INFO: [VRFC 10-311] analyzing module ALU
INFO: [VRFC 10-2263] Analyzing Verilog file "C:/Users/acer/Desktop/thinpad_top/thinpad_top.srcs/sources_1/new/ControlUnit.v" into library xil_defaultlib
INFO: [VRFC 10-311] analyzing module ControlUnit
INFO: [VRFC 10-2263] Analyzing Verilog file "C:/Users/acer/Desktop/thinpad_top/thinpad_top.srcs/sources_1/new/Extend.v" into library xil_defaultlib
INFO: [VRFC 10-311] analyzing module Extend
INFO: [VRFC 10-2263] Analyzing Verilog file "C:/Users/acer/Desktop/thinpad_top/thinpad_top.srcs/sources_1/new/Register.v" into library xil_defaultlib
INFO: [VRFC 10-311] analyzing module Register
INFO: [VRFC 10-2263] Analyzing Verilog file "C:/Users/acer/Desktop/thinpad_top/thinpad_top.srcs/sources_1/new/DataMem.v" into library xil_defaultlib
INFO: [VRFC 10-311] analyzing module DataMem
INFO: [VRFC 10-2263] Analyzing Verilog file "C:/Users/acer/Desktop/thinpad_top/thinpad_top.srcs/sources_1/new/PC.v" into library xil_defaultlib
INFO: [VRFC 10-311] analyzing module PC
INFO: [VRFC 10-2263] Analyzing Verilog file "C:/Users/acer/Desktop/thinpad_top/thinpad_top.srcs/sources_1/new/thinpad_top.v" into library xil_defaultlib
INFO: [VRFC 10-311] analyzing module thinpad_top
INFO: [VRFC 10-2263] Analyzing Verilog file "C:/Users/acer/Desktop/thinpad_top/thinpad_top.srcs/sources_1/new/MUX32.v" into library xil_defaultlib
INFO: [VRFC 10-311] analyzing module MUX32
INFO: [VRFC 10-2263] Analyzing Verilog file "C:/Users/acer/Desktop/thinpad_top/thinpad_top.srcs/sources_1/new/MUX5.v" into library xil_defaultlib
INFO: [VRFC 10-311] analyzing module MUX5
INFO: [VRFC 10-2263] Analyzing SystemVerilog file "C:/Users/acer/Desktop/thinpad_top/thinpad_top.srcs/sim_1/new/test.sv" into library xil_defaultlib
INFO: [VRFC 10-311] analyzing module tb
INFO: [USF-XSim-69] 'compile' step finished in '2' seconds
INFO: [USF-XSim-3] XSim::Elaborate design
INFO: [USF-XSim-61] Executing 'ELABORATE' step in 'C:/Users/acer/Desktop/thinpad_top/thinpad_top.sim/sim_1/behav/xsim'
Vivado Simulator 2018.2
Copyright 1986-1999, 2001-2018 Xilinx, Inc. All Rights Reserved.
Running: E:/Vivado/Vivado/2018.2/bin/unwrapped/win64.o/xelab.exe -wto 1e0777dd008c45fcbaffd6b18f2c35e9 --incr --debug typical --relax --mt 2 -L xil_defaultlib -L unisims_ver -L unimacro_ver -L secureip -L xpm --snapshot tb_behav xil_defaultlib.tb xil_defaultlib.glbl -log elaborate.log 
Using 2 slave threads.
Starting static elaboration
Completed static elaboration
Starting simulation data flow analysis
Completed simulation data flow analysis
Time Resolution for simulation is 1ps
Compiling module xil_defaultlib.PC
Compiling module xil_defaultlib.InstMEM
Compiling module xil_defaultlib.ControlUnit
Compiling module xil_defaultlib.MUX5
Compiling module xil_defaultlib.Register
Compiling module xil_defaultlib.Extend
Compiling module xil_defaultlib.MUX32
Compiling module xil_defaultlib.DataMem
Compiling module xil_defaultlib.ALU
Compiling module xil_defaultlib.thinpad_top
Compiling module xil_defaultlib.tb
Compiling module xil_defaultlib.glbl
Built simulation snapshot tb_behav
INFO: [USF-XSim-69] 'elaborate' step finished in '1' seconds
INFO: [USF-XSim-4] XSim::Simulate design
INFO: [USF-XSim-61] Executing 'SIMULATE' step in 'C:/Users/acer/Desktop/thinpad_top/thinpad_top.sim/sim_1/behav/xsim'
INFO: [USF-XSim-98] *** Running xsim
   with args "tb_behav -key {Behavioral:sim_1:Functional:tb} -tclbatch {tb.tcl} -log {simulate.log}"
INFO: [USF-XSim-8] Loading simulator feature
Vivado Simulator 2018.2
Time resolution is 1 ps
source tb.tcl
# set curr_wave [current_wave_config]
# if { [string length $curr_wave] == 0 } {
#   if { [llength [get_objects]] > 0} {
#     add_wave /
#     set_property needs_save false [current_wave_config]
#   } else {
#      send_msg_id Add_Wave-1 WARNING "No top level signals found. Simulator will start without a wave window. If you want to open a wave window go to 'File->New Waveform Configuration' or type 'create_wave_config' in the TCL console."
#   }
# }
# run 100us
00000022
00210822
00421022
00631822
00842022
34000001
34210001
34630008
34840028
ac400000
ac410004
00431020
00010020
00010820
10440001
08000009
08000000
xxxxxxxx
xxxxxxxx
xxxxxxxx
xxxxxxxx
xxxxxxxx
xxxxxxxx
xxxxxxxx
INFO: [USF-XSim-96] XSim completed. Design snapshot 'tb_behav' loaded.
INFO: [USF-XSim-97] XSim simulation ran for 100us
launch_simulation: Time (s): cpu = 00:00:04 ; elapsed = 00:00:06 . Memory (MB): peak = 936.016 ; gain = 7.656
close_sim
INFO: [Simtcl 6-16] Simulation closed
exit
INFO: [Common 17-206] Exiting Vivado at Fri Nov  2 12:19:42 2018...
