Vivado Simulator 2018.2
Copyright 1986-1999, 2001-2018 Xilinx, Inc. All Rights Reserved.
Running: E:/Vivado/Vivado/2018.2/bin/unwrapped/win64.o/xelab.exe -wto 1e0777dd008c45fcbaffd6b18f2c35e9 --incr --debug typical --relax --mt 2 -L xil_defaultlib -L unisims_ver -L unimacro_ver -L secureip -L xpm --snapshot tb_behav xil_defaultlib.tb xil_defaultlib.glbl -log elaborate.log 
Using 2 slave threads.
Starting static elaboration
Completed static elaboration
Starting simulation data flow analysis
Completed simulation data flow analysis
Time Resolution for simulation is 1ps
Compiling module xil_defaultlib.PC
Compiling module xil_defaultlib.InstMEM
Compiling module xil_defaultlib.IF2ID
Compiling module xil_defaultlib.ControlUnit
Compiling module xil_defaultlib.Register
Compiling module xil_defaultlib.Extend
Compiling module xil_defaultlib.ID2EX
Compiling module xil_defaultlib.MUX32
Compiling module xil_defaultlib.ALU
Compiling module xil_defaultlib.MUX5
Compiling module xil_defaultlib.EX2MEM
Compiling module xil_defaultlib.DataMem
Compiling module xil_defaultlib.MEM2WB
Compiling module xil_defaultlib.thinpad_top
Compiling module xil_defaultlib.tb
Compiling module xil_defaultlib.glbl
Built simulation snapshot tb_behav
